nohup: ignoring input
(8850, 7)
/opt/miniconda3/envs/sort_env/lib/python3.9/site-packages/sklearn/metrics/_classification.py:1245: UndefinedMetricWarning: Recall is ill-defined and being set to 0.0 in labels with no true samples. Use `zero_division` parameter to control this behavior.
  _warn_prf(average, modifier, msg_start, len(result))
/opt/miniconda3/envs/sort_env/lib/python3.9/site-packages/sklearn/metrics/_classification.py:1245: UndefinedMetricWarning: Precision is ill-defined and being set to 0.0 in labels with no predicted samples. Use `zero_division` parameter to control this behavior.
  _warn_prf(average, modifier, msg_start, len(result))
/opt/miniconda3/envs/sort_env/lib/python3.9/site-packages/sklearn/metrics/_classification.py:1492: UndefinedMetricWarning: F-score is ill-defined and being set to 0.0 in labels with no true nor predicted samples. Use `zero_division` parameter to control this behavior.
  _warn_prf(
loss:0.010 acc:0.000 f1:0.000 precision:0.000 recall:0.000
/opt/miniconda3/envs/sort_env/lib/python3.9/site-packages/sklearn/metrics/_classification.py:1245: UndefinedMetricWarning: Recall is ill-defined and being set to 0.0 in labels with no true samples. Use `zero_division` parameter to control this behavior.
  _warn_prf(average, modifier, msg_start, len(result))
/opt/miniconda3/envs/sort_env/lib/python3.9/site-packages/sklearn/metrics/_classification.py:1245: UndefinedMetricWarning: Precision is ill-defined and being set to 0.0 in labels with no predicted samples. Use `zero_division` parameter to control this behavior.
  _warn_prf(average, modifier, msg_start, len(result))
/opt/miniconda3/envs/sort_env/lib/python3.9/site-packages/sklearn/metrics/_classification.py:1492: UndefinedMetricWarning: F-score is ill-defined and being set to 0.0 in labels with no true nor predicted samples. Use `zero_division` parameter to control this behavior.
  _warn_prf(
loss:0.010 acc:0.000 f1:0.000 precision:0.000 recall:0.000
/opt/miniconda3/envs/sort_env/lib/python3.9/site-packages/sklearn/metrics/_classification.py:1245: UndefinedMetricWarning: Recall is ill-defined and being set to 0.0 in labels with no true samples. Use `zero_division` parameter to control this behavior.
  _warn_prf(average, modifier, msg_start, len(result))
/opt/miniconda3/envs/sort_env/lib/python3.9/site-packages/sklearn/metrics/_classification.py:1245: UndefinedMetricWarning: Precision is ill-defined and being set to 0.0 in labels with no predicted samples. Use `zero_division` parameter to control this behavior.
  _warn_prf(average, modifier, msg_start, len(result))
/opt/miniconda3/envs/sort_env/lib/python3.9/site-packages/sklearn/metrics/_classification.py:1492: UndefinedMetricWarning: F-score is ill-defined and being set to 0.0 in labels with no true nor predicted samples. Use `zero_division` parameter to control this behavior.
  _warn_prf(
loss:0.010 acc:0.000 f1:0.000 precision:0.000 recall:0.000
/opt/miniconda3/envs/sort_env/lib/python3.9/site-packages/sklearn/metrics/_classification.py:1245: UndefinedMetricWarning: Recall is ill-defined and being set to 0.0 in labels with no true samples. Use `zero_division` parameter to control this behavior.
  _warn_prf(average, modifier, msg_start, len(result))
/opt/miniconda3/envs/sort_env/lib/python3.9/site-packages/sklearn/metrics/_classification.py:1245: UndefinedMetricWarning: Precision is ill-defined and being set to 0.0 in labels with no predicted samples. Use `zero_division` parameter to control this behavior.
  _warn_prf(average, modifier, msg_start, len(result))
/opt/miniconda3/envs/sort_env/lib/python3.9/site-packages/sklearn/metrics/_classification.py:1492: UndefinedMetricWarning: F-score is ill-defined and being set to 0.0 in labels with no true nor predicted samples. Use `zero_division` parameter to control this behavior.
  _warn_prf(
loss:0.010 acc:0.000 f1:0.000 precision:0.000 recall:0.000
/opt/miniconda3/envs/sort_env/lib/python3.9/site-packages/sklearn/metrics/_classification.py:1245: UndefinedMetricWarning: Recall is ill-defined and being set to 0.0 in labels with no true samples. Use `zero_division` parameter to control this behavior.
  _warn_prf(average, modifier, msg_start, len(result))
/opt/miniconda3/envs/sort_env/lib/python3.9/site-packages/sklearn/metrics/_classification.py:1245: UndefinedMetricWarning: Precision is ill-defined and being set to 0.0 in labels with no predicted samples. Use `zero_division` parameter to control this behavior.
  _warn_prf(average, modifier, msg_start, len(result))
/opt/miniconda3/envs/sort_env/lib/python3.9/site-packages/sklearn/metrics/_classification.py:1492: UndefinedMetricWarning: F-score is ill-defined and being set to 0.0 in labels with no true nor predicted samples. Use `zero_division` parameter to control this behavior.
  _warn_prf(
loss:0.010 acc:0.000 f1:0.000 precision:0.000 recall:0.000
/opt/miniconda3/envs/sort_env/lib/python3.9/site-packages/sklearn/metrics/_classification.py:1245: UndefinedMetricWarning: Recall is ill-defined and being set to 0.0 in labels with no true samples. Use `zero_division` parameter to control this behavior.
  _warn_prf(average, modifier, msg_start, len(result))
/opt/miniconda3/envs/sort_env/lib/python3.9/site-packages/sklearn/metrics/_classification.py:1245: UndefinedMetricWarning: Precision is ill-defined and being set to 0.0 in labels with no predicted samples. Use `zero_division` parameter to control this behavior.
  _warn_prf(average, modifier, msg_start, len(result))
/opt/miniconda3/envs/sort_env/lib/python3.9/site-packages/sklearn/metrics/_classification.py:1492: UndefinedMetricWarning: F-score is ill-defined and being set to 0.0 in labels with no true nor predicted samples. Use `zero_division` parameter to control this behavior.
  _warn_prf(
loss:0.010 acc:0.000 f1:0.000 precision:0.000 recall:0.000
/opt/miniconda3/envs/sort_env/lib/python3.9/site-packages/sklearn/metrics/_classification.py:1245: UndefinedMetricWarning: Recall is ill-defined and being set to 0.0 in labels with no true samples. Use `zero_division` parameter to control this behavior.
  _warn_prf(average, modifier, msg_start, len(result))
/opt/miniconda3/envs/sort_env/lib/python3.9/site-packages/sklearn/metrics/_classification.py:1245: UndefinedMetricWarning: Precision is ill-defined and being set to 0.0 in labels with no predicted samples. Use `zero_division` parameter to control this behavior.
  _warn_prf(average, modifier, msg_start, len(result))
/opt/miniconda3/envs/sort_env/lib/python3.9/site-packages/sklearn/metrics/_classification.py:1492: UndefinedMetricWarning: F-score is ill-defined and being set to 0.0 in labels with no true nor predicted samples. Use `zero_division` parameter to control this behavior.
  _warn_prf(
loss:0.010 acc:0.000 f1:0.000 precision:0.000 recall:0.000
/opt/miniconda3/envs/sort_env/lib/python3.9/site-packages/sklearn/metrics/_classification.py:1245: UndefinedMetricWarning: Recall is ill-defined and being set to 0.0 in labels with no true samples. Use `zero_division` parameter to control this behavior.
  _warn_prf(average, modifier, msg_start, len(result))
/opt/miniconda3/envs/sort_env/lib/python3.9/site-packages/sklearn/metrics/_classification.py:1245: UndefinedMetricWarning: Precision is ill-defined and being set to 0.0 in labels with no predicted samples. Use `zero_division` parameter to control this behavior.
  _warn_prf(average, modifier, msg_start, len(result))
/opt/miniconda3/envs/sort_env/lib/python3.9/site-packages/sklearn/metrics/_classification.py:1492: UndefinedMetricWarning: F-score is ill-defined and being set to 0.0 in labels with no true nor predicted samples. Use `zero_division` parameter to control this behavior.
  _warn_prf(
loss:0.010 acc:0.000 f1:0.000 precision:0.000 recall:0.000
/opt/miniconda3/envs/sort_env/lib/python3.9/site-packages/sklearn/metrics/_classification.py:1245: UndefinedMetricWarning: Recall is ill-defined and being set to 0.0 in labels with no true samples. Use `zero_division` parameter to control this behavior.
  _warn_prf(average, modifier, msg_start, len(result))
/opt/miniconda3/envs/sort_env/lib/python3.9/site-packages/sklearn/metrics/_classification.py:1245: UndefinedMetricWarning: Precision is ill-defined and being set to 0.0 in labels with no predicted samples. Use `zero_division` parameter to control this behavior.
  _warn_prf(average, modifier, msg_start, len(result))
/opt/miniconda3/envs/sort_env/lib/python3.9/site-packages/sklearn/metrics/_classification.py:1492: UndefinedMetricWarning: F-score is ill-defined and being set to 0.0 in labels with no true nor predicted samples. Use `zero_division` parameter to control this behavior.
  _warn_prf(
loss:0.010 acc:0.000 f1:0.000 precision:0.000 recall:0.000
/opt/miniconda3/envs/sort_env/lib/python3.9/site-packages/sklearn/metrics/_classification.py:1245: UndefinedMetricWarning: Recall is ill-defined and being set to 0.0 in labels with no true samples. Use `zero_division` parameter to control this behavior.
  _warn_prf(average, modifier, msg_start, len(result))
/opt/miniconda3/envs/sort_env/lib/python3.9/site-packages/sklearn/metrics/_classification.py:1245: UndefinedMetricWarning: Precision is ill-defined and being set to 0.0 in labels with no predicted samples. Use `zero_division` parameter to control this behavior.
  _warn_prf(average, modifier, msg_start, len(result))
/opt/miniconda3/envs/sort_env/lib/python3.9/site-packages/sklearn/metrics/_classification.py:1492: UndefinedMetricWarning: F-score is ill-defined and being set to 0.0 in labels with no true nor predicted samples. Use `zero_division` parameter to control this behavior.
  _warn_prf(
loss:0.010 acc:0.000 f1:0.000 precision:0.000 recall:0.000
/opt/miniconda3/envs/sort_env/lib/python3.9/site-packages/sklearn/metrics/_classification.py:1245: UndefinedMetricWarning: Recall is ill-defined and being set to 0.0 in labels with no true samples. Use `zero_division` parameter to control this behavior.
  _warn_prf(average, modifier, msg_start, len(result))
/opt/miniconda3/envs/sort_env/lib/python3.9/site-packages/sklearn/metrics/_classification.py:1245: UndefinedMetricWarning: Precision is ill-defined and being set to 0.0 in labels with no predicted samples. Use `zero_division` parameter to control this behavior.
  _warn_prf(average, modifier, msg_start, len(result))
/opt/miniconda3/envs/sort_env/lib/python3.9/site-packages/sklearn/metrics/_classification.py:1492: UndefinedMetricWarning: F-score is ill-defined and being set to 0.0 in labels with no true nor predicted samples. Use `zero_division` parameter to control this behavior.
  _warn_prf(
loss:0.010 acc:0.000 f1:0.000 precision:0.000 recall:0.000
/opt/miniconda3/envs/sort_env/lib/python3.9/site-packages/sklearn/metrics/_classification.py:1245: UndefinedMetricWarning: Recall is ill-defined and being set to 0.0 in labels with no true samples. Use `zero_division` parameter to control this behavior.
  _warn_prf(average, modifier, msg_start, len(result))
/opt/miniconda3/envs/sort_env/lib/python3.9/site-packages/sklearn/metrics/_classification.py:1245: UndefinedMetricWarning: Precision is ill-defined and being set to 0.0 in labels with no predicted samples. Use `zero_division` parameter to control this behavior.
  _warn_prf(average, modifier, msg_start, len(result))
/opt/miniconda3/envs/sort_env/lib/python3.9/site-packages/sklearn/metrics/_classification.py:1492: UndefinedMetricWarning: F-score is ill-defined and being set to 0.0 in labels with no true nor predicted samples. Use `zero_division` parameter to control this behavior.
  _warn_prf(
loss:0.010 acc:0.000 f1:0.000 precision:0.000 recall:0.000
/opt/miniconda3/envs/sort_env/lib/python3.9/site-packages/sklearn/metrics/_classification.py:1245: UndefinedMetricWarning: Recall is ill-defined and being set to 0.0 in labels with no true samples. Use `zero_division` parameter to control this behavior.
  _warn_prf(average, modifier, msg_start, len(result))
/opt/miniconda3/envs/sort_env/lib/python3.9/site-packages/sklearn/metrics/_classification.py:1245: UndefinedMetricWarning: Precision is ill-defined and being set to 0.0 in labels with no predicted samples. Use `zero_division` parameter to control this behavior.
  _warn_prf(average, modifier, msg_start, len(result))
/opt/miniconda3/envs/sort_env/lib/python3.9/site-packages/sklearn/metrics/_classification.py:1492: UndefinedMetricWarning: F-score is ill-defined and being set to 0.0 in labels with no true nor predicted samples. Use `zero_division` parameter to control this behavior.
  _warn_prf(
Test
loss:0.010 acc:0.000 f1:0.000 precision:0.000 recall:0.000
Traceback (most recent call last):
  File "/home/jcejudo/rd-img-classification-pilot/src/self_supervised/finetune_multilabel.py", line 293, in <module>
    print_metrics(test_metrics)
  File "/opt/miniconda3/envs/sort_env/lib/python3.9/site-packages/fire/core.py", line 141, in Fire
    component_trace = _Fire(component, args, parsed_flag_args, context, name)
  File "/opt/miniconda3/envs/sort_env/lib/python3.9/site-packages/fire/core.py", line 466, in _Fire
    component, remaining_args = _CallAndUpdateTrace(
  File "/opt/miniconda3/envs/sort_env/lib/python3.9/site-packages/fire/core.py", line 681, in _CallAndUpdateTrace
    component = fn(*varargs, **kwargs)
  File "/home/jcejudo/rd-img-classification-pilot/src/self_supervised/finetune_multilabel.py", line 284, in main
    
  File "/home/jcejudo/rd-img-classification-pilot/src/self_supervised/finetune_multilabel.py", line 79, in save_metrics
    json.dump(metrics,f)
  File "/opt/miniconda3/envs/sort_env/lib/python3.9/json/__init__.py", line 179, in dump
    for chunk in iterable:
  File "/opt/miniconda3/envs/sort_env/lib/python3.9/json/encoder.py", line 431, in _iterencode
    yield from _iterencode_dict(o, _current_indent_level)
  File "/opt/miniconda3/envs/sort_env/lib/python3.9/json/encoder.py", line 405, in _iterencode_dict
    yield from chunks
  File "/opt/miniconda3/envs/sort_env/lib/python3.9/json/encoder.py", line 438, in _iterencode
    o = _default(o)
  File "/opt/miniconda3/envs/sort_env/lib/python3.9/json/encoder.py", line 179, in default
    raise TypeError(f'Object of type {o.__class__.__name__} '
TypeError: Object of type ndarray is not JSON serializable
