nohup: ignoring input
(8661, 7)
{0: 'building', 1: 'ceramics', 2: 'drawing', 3: 'furniture', 4: 'inscription', 5: 'jewellery', 6: 'map', 7: 'painting', 8: 'photograph', 9: 'postcard', 10: 'sculpture', 11: 'tapestry', 12: 'textile', 13: 'toy', 14: 'woodwork'}
split_0
train: 7014
val: 780
test: 867
/opt/miniconda3/envs/sort_env/lib/python3.9/site-packages/sklearn/metrics/_classification.py:1245: UndefinedMetricWarning: Recall is ill-defined and being set to 0.0 in labels with no true samples. Use `zero_division` parameter to control this behavior.
  _warn_prf(average, modifier, msg_start, len(result))
/opt/miniconda3/envs/sort_env/lib/python3.9/site-packages/sklearn/metrics/_classification.py:1245: UndefinedMetricWarning: Precision is ill-defined and being set to 0.0 in labels with no predicted samples. Use `zero_division` parameter to control this behavior.
  _warn_prf(average, modifier, msg_start, len(result))
loss:0.050 acc:0.014 f1:0.114 precision:0.184 recall:0.109
/opt/miniconda3/envs/sort_env/lib/python3.9/site-packages/sklearn/metrics/_classification.py:1245: UndefinedMetricWarning: Recall is ill-defined and being set to 0.0 in labels with no true samples. Use `zero_division` parameter to control this behavior.
  _warn_prf(average, modifier, msg_start, len(result))
loss:0.048 acc:0.016 f1:0.215 precision:0.252 recall:0.291
/opt/miniconda3/envs/sort_env/lib/python3.9/site-packages/sklearn/metrics/_classification.py:1245: UndefinedMetricWarning: Recall is ill-defined and being set to 0.0 in labels with no true samples. Use `zero_division` parameter to control this behavior.
  _warn_prf(average, modifier, msg_start, len(result))
loss:0.045 acc:0.049 f1:0.239 precision:0.239 recall:0.339
/opt/miniconda3/envs/sort_env/lib/python3.9/site-packages/sklearn/metrics/_classification.py:1245: UndefinedMetricWarning: Recall is ill-defined and being set to 0.0 in labels with no true samples. Use `zero_division` parameter to control this behavior.
  _warn_prf(average, modifier, msg_start, len(result))
loss:0.045 acc:0.091 f1:0.237 precision:0.257 recall:0.319
/opt/miniconda3/envs/sort_env/lib/python3.9/site-packages/sklearn/metrics/_classification.py:1245: UndefinedMetricWarning: Recall is ill-defined and being set to 0.0 in labels with no true samples. Use `zero_division` parameter to control this behavior.
  _warn_prf(average, modifier, msg_start, len(result))
/opt/miniconda3/envs/sort_env/lib/python3.9/site-packages/sklearn/metrics/_classification.py:1245: UndefinedMetricWarning: Precision is ill-defined and being set to 0.0 in labels with no predicted samples. Use `zero_division` parameter to control this behavior.
  _warn_prf(average, modifier, msg_start, len(result))
/opt/miniconda3/envs/sort_env/lib/python3.9/site-packages/sklearn/metrics/_classification.py:1492: UndefinedMetricWarning: F-score is ill-defined and being set to 0.0 in labels with no true nor predicted samples. Use `zero_division` parameter to control this behavior.
  _warn_prf(
loss:0.044 acc:0.099 f1:0.251 precision:0.266 recall:0.335
/opt/miniconda3/envs/sort_env/lib/python3.9/site-packages/sklearn/metrics/_classification.py:1245: UndefinedMetricWarning: Recall is ill-defined and being set to 0.0 in labels with no true samples. Use `zero_division` parameter to control this behavior.
  _warn_prf(average, modifier, msg_start, len(result))
loss:0.044 acc:0.137 f1:0.257 precision:0.273 recall:0.330
/opt/miniconda3/envs/sort_env/lib/python3.9/site-packages/sklearn/metrics/_classification.py:1245: UndefinedMetricWarning: Recall is ill-defined and being set to 0.0 in labels with no true samples. Use `zero_division` parameter to control this behavior.
  _warn_prf(average, modifier, msg_start, len(result))
loss:0.045 acc:0.111 f1:0.263 precision:0.276 recall:0.342
/opt/miniconda3/envs/sort_env/lib/python3.9/site-packages/sklearn/metrics/_classification.py:1245: UndefinedMetricWarning: Recall is ill-defined and being set to 0.0 in labels with no true samples. Use `zero_division` parameter to control this behavior.
  _warn_prf(average, modifier, msg_start, len(result))
loss:0.045 acc:0.121 f1:0.243 precision:0.277 recall:0.344
/opt/miniconda3/envs/sort_env/lib/python3.9/site-packages/sklearn/metrics/_classification.py:1245: UndefinedMetricWarning: Recall is ill-defined and being set to 0.0 in labels with no true samples. Use `zero_division` parameter to control this behavior.
  _warn_prf(average, modifier, msg_start, len(result))
loss:0.044 acc:0.188 f1:0.258 precision:0.277 recall:0.352
/opt/miniconda3/envs/sort_env/lib/python3.9/site-packages/sklearn/metrics/_classification.py:1245: UndefinedMetricWarning: Recall is ill-defined and being set to 0.0 in labels with no true samples. Use `zero_division` parameter to control this behavior.
  _warn_prf(average, modifier, msg_start, len(result))
/opt/miniconda3/envs/sort_env/lib/python3.9/site-packages/sklearn/metrics/_classification.py:1245: UndefinedMetricWarning: Precision is ill-defined and being set to 0.0 in labels with no predicted samples. Use `zero_division` parameter to control this behavior.
  _warn_prf(average, modifier, msg_start, len(result))
/opt/miniconda3/envs/sort_env/lib/python3.9/site-packages/sklearn/metrics/_classification.py:1492: UndefinedMetricWarning: F-score is ill-defined and being set to 0.0 in labels with no true nor predicted samples. Use `zero_division` parameter to control this behavior.
  _warn_prf(
loss:0.044 acc:0.216 f1:0.264 precision:0.278 recall:0.315
/opt/miniconda3/envs/sort_env/lib/python3.9/site-packages/sklearn/metrics/_classification.py:1245: UndefinedMetricWarning: Recall is ill-defined and being set to 0.0 in labels with no true samples. Use `zero_division` parameter to control this behavior.
  _warn_prf(average, modifier, msg_start, len(result))
loss:0.044 acc:0.216 f1:0.274 precision:0.289 recall:0.329
/opt/miniconda3/envs/sort_env/lib/python3.9/site-packages/sklearn/metrics/_classification.py:1245: UndefinedMetricWarning: Recall is ill-defined and being set to 0.0 in labels with no true samples. Use `zero_division` parameter to control this behavior.
  _warn_prf(average, modifier, msg_start, len(result))
loss:0.044 acc:0.233 f1:0.280 precision:0.291 recall:0.334
/opt/miniconda3/envs/sort_env/lib/python3.9/site-packages/sklearn/metrics/_classification.py:1245: UndefinedMetricWarning: Recall is ill-defined and being set to 0.0 in labels with no true samples. Use `zero_division` parameter to control this behavior.
  _warn_prf(average, modifier, msg_start, len(result))
loss:0.044 acc:0.212 f1:0.265 precision:0.275 recall:0.337
/opt/miniconda3/envs/sort_env/lib/python3.9/site-packages/sklearn/metrics/_classification.py:1245: UndefinedMetricWarning: Recall is ill-defined and being set to 0.0 in labels with no true samples. Use `zero_division` parameter to control this behavior.
  _warn_prf(average, modifier, msg_start, len(result))
loss:0.044 acc:0.250 f1:0.271 precision:0.291 recall:0.321
/opt/miniconda3/envs/sort_env/lib/python3.9/site-packages/sklearn/metrics/_classification.py:1245: UndefinedMetricWarning: Recall is ill-defined and being set to 0.0 in labels with no true samples. Use `zero_division` parameter to control this behavior.
  _warn_prf(average, modifier, msg_start, len(result))
loss:0.044 acc:0.250 f1:0.290 precision:0.312 recall:0.345
/opt/miniconda3/envs/sort_env/lib/python3.9/site-packages/sklearn/metrics/_classification.py:1245: UndefinedMetricWarning: Recall is ill-defined and being set to 0.0 in labels with no true samples. Use `zero_division` parameter to control this behavior.
  _warn_prf(average, modifier, msg_start, len(result))
loss:0.044 acc:0.253 f1:0.268 precision:0.291 recall:0.314
/opt/miniconda3/envs/sort_env/lib/python3.9/site-packages/sklearn/metrics/_classification.py:1245: UndefinedMetricWarning: Recall is ill-defined and being set to 0.0 in labels with no true samples. Use `zero_division` parameter to control this behavior.
  _warn_prf(average, modifier, msg_start, len(result))
/opt/miniconda3/envs/sort_env/lib/python3.9/site-packages/sklearn/metrics/_classification.py:1245: UndefinedMetricWarning: Precision is ill-defined and being set to 0.0 in labels with no predicted samples. Use `zero_division` parameter to control this behavior.
  _warn_prf(average, modifier, msg_start, len(result))
/opt/miniconda3/envs/sort_env/lib/python3.9/site-packages/sklearn/metrics/_classification.py:1492: UndefinedMetricWarning: F-score is ill-defined and being set to 0.0 in labels with no true nor predicted samples. Use `zero_division` parameter to control this behavior.
  _warn_prf(
loss:0.044 acc:0.267 f1:0.269 precision:0.306 recall:0.323
/opt/miniconda3/envs/sort_env/lib/python3.9/site-packages/sklearn/metrics/_classification.py:1245: UndefinedMetricWarning: Recall is ill-defined and being set to 0.0 in labels with no true samples. Use `zero_division` parameter to control this behavior.
  _warn_prf(average, modifier, msg_start, len(result))
/opt/miniconda3/envs/sort_env/lib/python3.9/site-packages/sklearn/metrics/_classification.py:1245: UndefinedMetricWarning: Precision is ill-defined and being set to 0.0 in labels with no predicted samples. Use `zero_division` parameter to control this behavior.
  _warn_prf(average, modifier, msg_start, len(result))
/opt/miniconda3/envs/sort_env/lib/python3.9/site-packages/sklearn/metrics/_classification.py:1492: UndefinedMetricWarning: F-score is ill-defined and being set to 0.0 in labels with no true nor predicted samples. Use `zero_division` parameter to control this behavior.
  _warn_prf(
loss:0.044 acc:0.284 f1:0.280 precision:0.312 recall:0.321
/opt/miniconda3/envs/sort_env/lib/python3.9/site-packages/sklearn/metrics/_classification.py:1245: UndefinedMetricWarning: Recall is ill-defined and being set to 0.0 in labels with no true samples. Use `zero_division` parameter to control this behavior.
  _warn_prf(average, modifier, msg_start, len(result))
/opt/miniconda3/envs/sort_env/lib/python3.9/site-packages/sklearn/metrics/_classification.py:1245: UndefinedMetricWarning: Precision is ill-defined and being set to 0.0 in labels with no predicted samples. Use `zero_division` parameter to control this behavior.
  _warn_prf(average, modifier, msg_start, len(result))
/opt/miniconda3/envs/sort_env/lib/python3.9/site-packages/sklearn/metrics/_classification.py:1492: UndefinedMetricWarning: F-score is ill-defined and being set to 0.0 in labels with no true nor predicted samples. Use `zero_division` parameter to control this behavior.
  _warn_prf(
loss:0.045 acc:0.254 f1:0.266 precision:0.311 recall:0.323
/opt/miniconda3/envs/sort_env/lib/python3.9/site-packages/sklearn/metrics/_classification.py:1245: UndefinedMetricWarning: Recall is ill-defined and being set to 0.0 in labels with no true samples. Use `zero_division` parameter to control this behavior.
  _warn_prf(average, modifier, msg_start, len(result))
/opt/miniconda3/envs/sort_env/lib/python3.9/site-packages/sklearn/metrics/_classification.py:1245: UndefinedMetricWarning: Precision is ill-defined and being set to 0.0 in labels with no predicted samples. Use `zero_division` parameter to control this behavior.
  _warn_prf(average, modifier, msg_start, len(result))
/opt/miniconda3/envs/sort_env/lib/python3.9/site-packages/sklearn/metrics/_classification.py:1492: UndefinedMetricWarning: F-score is ill-defined and being set to 0.0 in labels with no true nor predicted samples. Use `zero_division` parameter to control this behavior.
  _warn_prf(
loss:0.044 acc:0.188 f1:0.276 precision:0.291 recall:0.337
/opt/miniconda3/envs/sort_env/lib/python3.9/site-packages/sklearn/metrics/_classification.py:1245: UndefinedMetricWarning: Recall is ill-defined and being set to 0.0 in labels with no true samples. Use `zero_division` parameter to control this behavior.
  _warn_prf(average, modifier, msg_start, len(result))
loss:0.044 acc:0.272 f1:0.266 precision:0.308 recall:0.326
/opt/miniconda3/envs/sort_env/lib/python3.9/site-packages/sklearn/metrics/_classification.py:1245: UndefinedMetricWarning: Recall is ill-defined and being set to 0.0 in labels with no true samples. Use `zero_division` parameter to control this behavior.
  _warn_prf(average, modifier, msg_start, len(result))
/opt/miniconda3/envs/sort_env/lib/python3.9/site-packages/sklearn/metrics/_classification.py:1245: UndefinedMetricWarning: Precision is ill-defined and being set to 0.0 in labels with no predicted samples. Use `zero_division` parameter to control this behavior.
  _warn_prf(average, modifier, msg_start, len(result))
/opt/miniconda3/envs/sort_env/lib/python3.9/site-packages/sklearn/metrics/_classification.py:1492: UndefinedMetricWarning: F-score is ill-defined and being set to 0.0 in labels with no true nor predicted samples. Use `zero_division` parameter to control this behavior.
  _warn_prf(
loss:0.045 acc:0.271 f1:0.264 precision:0.313 recall:0.292
/opt/miniconda3/envs/sort_env/lib/python3.9/site-packages/sklearn/metrics/_classification.py:1245: UndefinedMetricWarning: Recall is ill-defined and being set to 0.0 in labels with no true samples. Use `zero_division` parameter to control this behavior.
  _warn_prf(average, modifier, msg_start, len(result))
/opt/miniconda3/envs/sort_env/lib/python3.9/site-packages/sklearn/metrics/_classification.py:1245: UndefinedMetricWarning: Precision is ill-defined and being set to 0.0 in labels with no predicted samples. Use `zero_division` parameter to control this behavior.
  _warn_prf(average, modifier, msg_start, len(result))
/opt/miniconda3/envs/sort_env/lib/python3.9/site-packages/sklearn/metrics/_classification.py:1492: UndefinedMetricWarning: F-score is ill-defined and being set to 0.0 in labels with no true nor predicted samples. Use `zero_division` parameter to control this behavior.
  _warn_prf(
loss:0.044 acc:0.246 f1:0.268 precision:0.305 recall:0.329
/opt/miniconda3/envs/sort_env/lib/python3.9/site-packages/sklearn/metrics/_classification.py:1245: UndefinedMetricWarning: Recall is ill-defined and being set to 0.0 in labels with no true samples. Use `zero_division` parameter to control this behavior.
  _warn_prf(average, modifier, msg_start, len(result))
Test
loss:0.047 acc:0.156 f1:0.233 precision:0.265 recall:0.421
split_1
train: 7015
val: 780
test: 866
/opt/miniconda3/envs/sort_env/lib/python3.9/site-packages/sklearn/metrics/_classification.py:1245: UndefinedMetricWarning: Recall is ill-defined and being set to 0.0 in labels with no true samples. Use `zero_division` parameter to control this behavior.
  _warn_prf(average, modifier, msg_start, len(result))
loss:0.051 acc:0.039 f1:0.118 precision:0.229 recall:0.168
/opt/miniconda3/envs/sort_env/lib/python3.9/site-packages/sklearn/metrics/_classification.py:1245: UndefinedMetricWarning: Recall is ill-defined and being set to 0.0 in labels with no true samples. Use `zero_division` parameter to control this behavior.
  _warn_prf(average, modifier, msg_start, len(result))
loss:0.054 acc:0.033 f1:0.145 precision:0.197 recall:0.389
/opt/miniconda3/envs/sort_env/lib/python3.9/site-packages/sklearn/metrics/_classification.py:1245: UndefinedMetricWarning: Recall is ill-defined and being set to 0.0 in labels with no true samples. Use `zero_division` parameter to control this behavior.
  _warn_prf(average, modifier, msg_start, len(result))
loss:0.050 acc:0.047 f1:0.168 precision:0.217 recall:0.393
/opt/miniconda3/envs/sort_env/lib/python3.9/site-packages/sklearn/metrics/_classification.py:1245: UndefinedMetricWarning: Recall is ill-defined and being set to 0.0 in labels with no true samples. Use `zero_division` parameter to control this behavior.
  _warn_prf(average, modifier, msg_start, len(result))
loss:0.049 acc:0.042 f1:0.194 precision:0.238 recall:0.402
/opt/miniconda3/envs/sort_env/lib/python3.9/site-packages/sklearn/metrics/_classification.py:1245: UndefinedMetricWarning: Recall is ill-defined and being set to 0.0 in labels with no true samples. Use `zero_division` parameter to control this behavior.
  _warn_prf(average, modifier, msg_start, len(result))
loss:0.051 acc:0.083 f1:0.175 precision:0.234 recall:0.400
/opt/miniconda3/envs/sort_env/lib/python3.9/site-packages/sklearn/metrics/_classification.py:1245: UndefinedMetricWarning: Recall is ill-defined and being set to 0.0 in labels with no true samples. Use `zero_division` parameter to control this behavior.
  _warn_prf(average, modifier, msg_start, len(result))
loss:0.048 acc:0.121 f1:0.201 precision:0.242 recall:0.436
/opt/miniconda3/envs/sort_env/lib/python3.9/site-packages/sklearn/metrics/_classification.py:1245: UndefinedMetricWarning: Recall is ill-defined and being set to 0.0 in labels with no true samples. Use `zero_division` parameter to control this behavior.
  _warn_prf(average, modifier, msg_start, len(result))
loss:0.050 acc:0.112 f1:0.206 precision:0.253 recall:0.410
/opt/miniconda3/envs/sort_env/lib/python3.9/site-packages/sklearn/metrics/_classification.py:1245: UndefinedMetricWarning: Recall is ill-defined and being set to 0.0 in labels with no true samples. Use `zero_division` parameter to control this behavior.
  _warn_prf(average, modifier, msg_start, len(result))
loss:0.048 acc:0.121 f1:0.208 precision:0.235 recall:0.440
/opt/miniconda3/envs/sort_env/lib/python3.9/site-packages/sklearn/metrics/_classification.py:1245: UndefinedMetricWarning: Recall is ill-defined and being set to 0.0 in labels with no true samples. Use `zero_division` parameter to control this behavior.
  _warn_prf(average, modifier, msg_start, len(result))
loss:0.048 acc:0.118 f1:0.220 precision:0.253 recall:0.403
/opt/miniconda3/envs/sort_env/lib/python3.9/site-packages/sklearn/metrics/_classification.py:1245: UndefinedMetricWarning: Recall is ill-defined and being set to 0.0 in labels with no true samples. Use `zero_division` parameter to control this behavior.
  _warn_prf(average, modifier, msg_start, len(result))
loss:0.049 acc:0.126 f1:0.206 precision:0.246 recall:0.394
/opt/miniconda3/envs/sort_env/lib/python3.9/site-packages/sklearn/metrics/_classification.py:1245: UndefinedMetricWarning: Recall is ill-defined and being set to 0.0 in labels with no true samples. Use `zero_division` parameter to control this behavior.
  _warn_prf(average, modifier, msg_start, len(result))
loss:0.048 acc:0.135 f1:0.221 precision:0.249 recall:0.413
/opt/miniconda3/envs/sort_env/lib/python3.9/site-packages/sklearn/metrics/_classification.py:1245: UndefinedMetricWarning: Recall is ill-defined and being set to 0.0 in labels with no true samples. Use `zero_division` parameter to control this behavior.
  _warn_prf(average, modifier, msg_start, len(result))
loss:0.051 acc:0.135 f1:0.193 precision:0.247 recall:0.369
/opt/miniconda3/envs/sort_env/lib/python3.9/site-packages/sklearn/metrics/_classification.py:1245: UndefinedMetricWarning: Recall is ill-defined and being set to 0.0 in labels with no true samples. Use `zero_division` parameter to control this behavior.
  _warn_prf(average, modifier, msg_start, len(result))
loss:0.048 acc:0.141 f1:0.224 precision:0.250 recall:0.407
/opt/miniconda3/envs/sort_env/lib/python3.9/site-packages/sklearn/metrics/_classification.py:1245: UndefinedMetricWarning: Recall is ill-defined and being set to 0.0 in labels with no true samples. Use `zero_division` parameter to control this behavior.
  _warn_prf(average, modifier, msg_start, len(result))
loss:0.048 acc:0.103 f1:0.225 precision:0.248 recall:0.382
/opt/miniconda3/envs/sort_env/lib/python3.9/site-packages/sklearn/metrics/_classification.py:1245: UndefinedMetricWarning: Recall is ill-defined and being set to 0.0 in labels with no true samples. Use `zero_division` parameter to control this behavior.
  _warn_prf(average, modifier, msg_start, len(result))
loss:0.049 acc:0.146 f1:0.210 precision:0.247 recall:0.378
/opt/miniconda3/envs/sort_env/lib/python3.9/site-packages/sklearn/metrics/_classification.py:1245: UndefinedMetricWarning: Recall is ill-defined and being set to 0.0 in labels with no true samples. Use `zero_division` parameter to control this behavior.
  _warn_prf(average, modifier, msg_start, len(result))
loss:0.049 acc:0.158 f1:0.211 precision:0.254 recall:0.376
/opt/miniconda3/envs/sort_env/lib/python3.9/site-packages/sklearn/metrics/_classification.py:1245: UndefinedMetricWarning: Recall is ill-defined and being set to 0.0 in labels with no true samples. Use `zero_division` parameter to control this behavior.
  _warn_prf(average, modifier, msg_start, len(result))
loss:0.049 acc:0.151 f1:0.208 precision:0.248 recall:0.428
/opt/miniconda3/envs/sort_env/lib/python3.9/site-packages/sklearn/metrics/_classification.py:1245: UndefinedMetricWarning: Recall is ill-defined and being set to 0.0 in labels with no true samples. Use `zero_division` parameter to control this behavior.
  _warn_prf(average, modifier, msg_start, len(result))
loss:0.049 acc:0.150 f1:0.213 precision:0.248 recall:0.376
/opt/miniconda3/envs/sort_env/lib/python3.9/site-packages/sklearn/metrics/_classification.py:1245: UndefinedMetricWarning: Recall is ill-defined and being set to 0.0 in labels with no true samples. Use `zero_division` parameter to control this behavior.
  _warn_prf(average, modifier, msg_start, len(result))
loss:0.048 acc:0.141 f1:0.237 precision:0.265 recall:0.398
/opt/miniconda3/envs/sort_env/lib/python3.9/site-packages/sklearn/metrics/_classification.py:1245: UndefinedMetricWarning: Recall is ill-defined and being set to 0.0 in labels with no true samples. Use `zero_division` parameter to control this behavior.
  _warn_prf(average, modifier, msg_start, len(result))
Test
loss:0.046 acc:0.198 f1:0.317 precision:0.285 recall:0.472
split_2
train: 7015
val: 780
test: 866
/opt/miniconda3/envs/sort_env/lib/python3.9/site-packages/sklearn/metrics/_classification.py:1245: UndefinedMetricWarning: Recall is ill-defined and being set to 0.0 in labels with no true samples. Use `zero_division` parameter to control this behavior.
  _warn_prf(average, modifier, msg_start, len(result))
loss:0.051 acc:0.001 f1:0.095 precision:0.252 recall:0.154
/opt/miniconda3/envs/sort_env/lib/python3.9/site-packages/sklearn/metrics/_classification.py:1245: UndefinedMetricWarning: Recall is ill-defined and being set to 0.0 in labels with no true samples. Use `zero_division` parameter to control this behavior.
  _warn_prf(average, modifier, msg_start, len(result))
loss:0.047 acc:0.095 f1:0.206 precision:0.220 recall:0.426
/opt/miniconda3/envs/sort_env/lib/python3.9/site-packages/sklearn/metrics/_classification.py:1245: UndefinedMetricWarning: Recall is ill-defined and being set to 0.0 in labels with no true samples. Use `zero_division` parameter to control this behavior.
  _warn_prf(average, modifier, msg_start, len(result))
loss:0.047 acc:0.098 f1:0.215 precision:0.231 recall:0.409
/opt/miniconda3/envs/sort_env/lib/python3.9/site-packages/sklearn/metrics/_classification.py:1245: UndefinedMetricWarning: Recall is ill-defined and being set to 0.0 in labels with no true samples. Use `zero_division` parameter to control this behavior.
  _warn_prf(average, modifier, msg_start, len(result))
loss:0.048 acc:0.033 f1:0.219 precision:0.251 recall:0.445
/opt/miniconda3/envs/sort_env/lib/python3.9/site-packages/sklearn/metrics/_classification.py:1245: UndefinedMetricWarning: Recall is ill-defined and being set to 0.0 in labels with no true samples. Use `zero_division` parameter to control this behavior.
  _warn_prf(average, modifier, msg_start, len(result))
loss:0.049 acc:0.124 f1:0.201 precision:0.236 recall:0.371
/opt/miniconda3/envs/sort_env/lib/python3.9/site-packages/sklearn/metrics/_classification.py:1245: UndefinedMetricWarning: Recall is ill-defined and being set to 0.0 in labels with no true samples. Use `zero_division` parameter to control this behavior.
  _warn_prf(average, modifier, msg_start, len(result))
loss:0.047 acc:0.117 f1:0.229 precision:0.251 recall:0.432
/opt/miniconda3/envs/sort_env/lib/python3.9/site-packages/sklearn/metrics/_classification.py:1245: UndefinedMetricWarning: Recall is ill-defined and being set to 0.0 in labels with no true samples. Use `zero_division` parameter to control this behavior.
  _warn_prf(average, modifier, msg_start, len(result))
loss:0.048 acc:0.133 f1:0.215 precision:0.249 recall:0.385
/opt/miniconda3/envs/sort_env/lib/python3.9/site-packages/sklearn/metrics/_classification.py:1245: UndefinedMetricWarning: Recall is ill-defined and being set to 0.0 in labels with no true samples. Use `zero_division` parameter to control this behavior.
  _warn_prf(average, modifier, msg_start, len(result))
loss:0.047 acc:0.142 f1:0.232 precision:0.261 recall:0.426
/opt/miniconda3/envs/sort_env/lib/python3.9/site-packages/sklearn/metrics/_classification.py:1245: UndefinedMetricWarning: Recall is ill-defined and being set to 0.0 in labels with no true samples. Use `zero_division` parameter to control this behavior.
  _warn_prf(average, modifier, msg_start, len(result))
loss:0.048 acc:0.154 f1:0.224 precision:0.257 recall:0.398
/opt/miniconda3/envs/sort_env/lib/python3.9/site-packages/sklearn/metrics/_classification.py:1245: UndefinedMetricWarning: Recall is ill-defined and being set to 0.0 in labels with no true samples. Use `zero_division` parameter to control this behavior.
  _warn_prf(average, modifier, msg_start, len(result))
loss:0.048 acc:0.155 f1:0.232 precision:0.260 recall:0.418
/opt/miniconda3/envs/sort_env/lib/python3.9/site-packages/sklearn/metrics/_classification.py:1245: UndefinedMetricWarning: Recall is ill-defined and being set to 0.0 in labels with no true samples. Use `zero_division` parameter to control this behavior.
  _warn_prf(average, modifier, msg_start, len(result))
loss:0.047 acc:0.132 f1:0.236 precision:0.251 recall:0.413
/opt/miniconda3/envs/sort_env/lib/python3.9/site-packages/sklearn/metrics/_classification.py:1245: UndefinedMetricWarning: Recall is ill-defined and being set to 0.0 in labels with no true samples. Use `zero_division` parameter to control this behavior.
  _warn_prf(average, modifier, msg_start, len(result))
loss:0.048 acc:0.174 f1:0.225 precision:0.247 recall:0.392
/opt/miniconda3/envs/sort_env/lib/python3.9/site-packages/sklearn/metrics/_classification.py:1245: UndefinedMetricWarning: Recall is ill-defined and being set to 0.0 in labels with no true samples. Use `zero_division` parameter to control this behavior.
  _warn_prf(average, modifier, msg_start, len(result))
loss:0.048 acc:0.176 f1:0.231 precision:0.270 recall:0.382
/opt/miniconda3/envs/sort_env/lib/python3.9/site-packages/sklearn/metrics/_classification.py:1245: UndefinedMetricWarning: Recall is ill-defined and being set to 0.0 in labels with no true samples. Use `zero_division` parameter to control this behavior.
  _warn_prf(average, modifier, msg_start, len(result))
loss:0.048 acc:0.173 f1:0.240 precision:0.270 recall:0.408
/opt/miniconda3/envs/sort_env/lib/python3.9/site-packages/sklearn/metrics/_classification.py:1245: UndefinedMetricWarning: Recall is ill-defined and being set to 0.0 in labels with no true samples. Use `zero_division` parameter to control this behavior.
  _warn_prf(average, modifier, msg_start, len(result))
Test
loss:0.094 acc:0.001 f1:0.384 precision:0.363 recall:0.486
split_3
train: 7015
val: 780
test: 866
/opt/miniconda3/envs/sort_env/lib/python3.9/site-packages/sklearn/metrics/_classification.py:1245: UndefinedMetricWarning: Recall is ill-defined and being set to 0.0 in labels with no true samples. Use `zero_division` parameter to control this behavior.
  _warn_prf(average, modifier, msg_start, len(result))
/opt/miniconda3/envs/sort_env/lib/python3.9/site-packages/sklearn/metrics/_classification.py:1245: UndefinedMetricWarning: Precision is ill-defined and being set to 0.0 in labels with no predicted samples. Use `zero_division` parameter to control this behavior.
  _warn_prf(average, modifier, msg_start, len(result))
/opt/miniconda3/envs/sort_env/lib/python3.9/site-packages/sklearn/metrics/_classification.py:1492: UndefinedMetricWarning: F-score is ill-defined and being set to 0.0 in labels with no true nor predicted samples. Use `zero_division` parameter to control this behavior.
  _warn_prf(
loss:0.050 acc:0.040 f1:0.139 precision:0.208 recall:0.212
/opt/miniconda3/envs/sort_env/lib/python3.9/site-packages/sklearn/metrics/_classification.py:1245: UndefinedMetricWarning: Recall is ill-defined and being set to 0.0 in labels with no true samples. Use `zero_division` parameter to control this behavior.
  _warn_prf(average, modifier, msg_start, len(result))
loss:0.048 acc:0.068 f1:0.209 precision:0.234 recall:0.408
/opt/miniconda3/envs/sort_env/lib/python3.9/site-packages/sklearn/metrics/_classification.py:1245: UndefinedMetricWarning: Recall is ill-defined and being set to 0.0 in labels with no true samples. Use `zero_division` parameter to control this behavior.
  _warn_prf(average, modifier, msg_start, len(result))
loss:0.048 acc:0.060 f1:0.212 precision:0.231 recall:0.478
/opt/miniconda3/envs/sort_env/lib/python3.9/site-packages/sklearn/metrics/_classification.py:1245: UndefinedMetricWarning: Recall is ill-defined and being set to 0.0 in labels with no true samples. Use `zero_division` parameter to control this behavior.
  _warn_prf(average, modifier, msg_start, len(result))
loss:0.048 acc:0.083 f1:0.213 precision:0.242 recall:0.445
/opt/miniconda3/envs/sort_env/lib/python3.9/site-packages/sklearn/metrics/_classification.py:1245: UndefinedMetricWarning: Recall is ill-defined and being set to 0.0 in labels with no true samples. Use `zero_division` parameter to control this behavior.
  _warn_prf(average, modifier, msg_start, len(result))
loss:0.050 acc:0.000 f1:0.219 precision:0.250 recall:0.432
/opt/miniconda3/envs/sort_env/lib/python3.9/site-packages/sklearn/metrics/_classification.py:1245: UndefinedMetricWarning: Recall is ill-defined and being set to 0.0 in labels with no true samples. Use `zero_division` parameter to control this behavior.
  _warn_prf(average, modifier, msg_start, len(result))
loss:0.050 acc:0.000 f1:0.201 precision:0.240 recall:0.429
/opt/miniconda3/envs/sort_env/lib/python3.9/site-packages/sklearn/metrics/_classification.py:1245: UndefinedMetricWarning: Recall is ill-defined and being set to 0.0 in labels with no true samples. Use `zero_division` parameter to control this behavior.
  _warn_prf(average, modifier, msg_start, len(result))
/opt/miniconda3/envs/sort_env/lib/python3.9/site-packages/sklearn/metrics/_classification.py:1245: UndefinedMetricWarning: Precision is ill-defined and being set to 0.0 in labels with no predicted samples. Use `zero_division` parameter to control this behavior.
  _warn_prf(average, modifier, msg_start, len(result))
/opt/miniconda3/envs/sort_env/lib/python3.9/site-packages/sklearn/metrics/_classification.py:1492: UndefinedMetricWarning: F-score is ill-defined and being set to 0.0 in labels with no true nor predicted samples. Use `zero_division` parameter to control this behavior.
  _warn_prf(
loss:0.048 acc:0.134 f1:0.213 precision:0.252 recall:0.439
/opt/miniconda3/envs/sort_env/lib/python3.9/site-packages/sklearn/metrics/_classification.py:1245: UndefinedMetricWarning: Recall is ill-defined and being set to 0.0 in labels with no true samples. Use `zero_division` parameter to control this behavior.
  _warn_prf(average, modifier, msg_start, len(result))
/opt/miniconda3/envs/sort_env/lib/python3.9/site-packages/sklearn/metrics/_classification.py:1245: UndefinedMetricWarning: Precision is ill-defined and being set to 0.0 in labels with no predicted samples. Use `zero_division` parameter to control this behavior.
  _warn_prf(average, modifier, msg_start, len(result))
/opt/miniconda3/envs/sort_env/lib/python3.9/site-packages/sklearn/metrics/_classification.py:1492: UndefinedMetricWarning: F-score is ill-defined and being set to 0.0 in labels with no true nor predicted samples. Use `zero_division` parameter to control this behavior.
  _warn_prf(
loss:0.048 acc:0.148 f1:0.224 precision:0.254 recall:0.434
/opt/miniconda3/envs/sort_env/lib/python3.9/site-packages/sklearn/metrics/_classification.py:1245: UndefinedMetricWarning: Recall is ill-defined and being set to 0.0 in labels with no true samples. Use `zero_division` parameter to control this behavior.
  _warn_prf(average, modifier, msg_start, len(result))
/opt/miniconda3/envs/sort_env/lib/python3.9/site-packages/sklearn/metrics/_classification.py:1245: UndefinedMetricWarning: Precision is ill-defined and being set to 0.0 in labels with no predicted samples. Use `zero_division` parameter to control this behavior.
  _warn_prf(average, modifier, msg_start, len(result))
/opt/miniconda3/envs/sort_env/lib/python3.9/site-packages/sklearn/metrics/_classification.py:1492: UndefinedMetricWarning: F-score is ill-defined and being set to 0.0 in labels with no true nor predicted samples. Use `zero_division` parameter to control this behavior.
  _warn_prf(
loss:0.048 acc:0.129 f1:0.219 precision:0.254 recall:0.436
/opt/miniconda3/envs/sort_env/lib/python3.9/site-packages/sklearn/metrics/_classification.py:1245: UndefinedMetricWarning: Recall is ill-defined and being set to 0.0 in labels with no true samples. Use `zero_division` parameter to control this behavior.
  _warn_prf(average, modifier, msg_start, len(result))
/opt/miniconda3/envs/sort_env/lib/python3.9/site-packages/sklearn/metrics/_classification.py:1245: UndefinedMetricWarning: Precision is ill-defined and being set to 0.0 in labels with no predicted samples. Use `zero_division` parameter to control this behavior.
  _warn_prf(average, modifier, msg_start, len(result))
/opt/miniconda3/envs/sort_env/lib/python3.9/site-packages/sklearn/metrics/_classification.py:1492: UndefinedMetricWarning: F-score is ill-defined and being set to 0.0 in labels with no true nor predicted samples. Use `zero_division` parameter to control this behavior.
  _warn_prf(
loss:0.048 acc:0.145 f1:0.222 precision:0.256 recall:0.414
/opt/miniconda3/envs/sort_env/lib/python3.9/site-packages/sklearn/metrics/_classification.py:1245: UndefinedMetricWarning: Recall is ill-defined and being set to 0.0 in labels with no true samples. Use `zero_division` parameter to control this behavior.
  _warn_prf(average, modifier, msg_start, len(result))
/opt/miniconda3/envs/sort_env/lib/python3.9/site-packages/sklearn/metrics/_classification.py:1245: UndefinedMetricWarning: Precision is ill-defined and being set to 0.0 in labels with no predicted samples. Use `zero_division` parameter to control this behavior.
  _warn_prf(average, modifier, msg_start, len(result))
/opt/miniconda3/envs/sort_env/lib/python3.9/site-packages/sklearn/metrics/_classification.py:1492: UndefinedMetricWarning: F-score is ill-defined and being set to 0.0 in labels with no true nor predicted samples. Use `zero_division` parameter to control this behavior.
  _warn_prf(
loss:0.048 acc:0.152 f1:0.244 precision:0.289 recall:0.455
/opt/miniconda3/envs/sort_env/lib/python3.9/site-packages/sklearn/metrics/_classification.py:1245: UndefinedMetricWarning: Recall is ill-defined and being set to 0.0 in labels with no true samples. Use `zero_division` parameter to control this behavior.
  _warn_prf(average, modifier, msg_start, len(result))
/opt/miniconda3/envs/sort_env/lib/python3.9/site-packages/sklearn/metrics/_classification.py:1245: UndefinedMetricWarning: Precision is ill-defined and being set to 0.0 in labels with no predicted samples. Use `zero_division` parameter to control this behavior.
  _warn_prf(average, modifier, msg_start, len(result))
/opt/miniconda3/envs/sort_env/lib/python3.9/site-packages/sklearn/metrics/_classification.py:1492: UndefinedMetricWarning: F-score is ill-defined and being set to 0.0 in labels with no true nor predicted samples. Use `zero_division` parameter to control this behavior.
  _warn_prf(
loss:0.048 acc:0.158 f1:0.258 precision:0.295 recall:0.441
/opt/miniconda3/envs/sort_env/lib/python3.9/site-packages/sklearn/metrics/_classification.py:1245: UndefinedMetricWarning: Recall is ill-defined and being set to 0.0 in labels with no true samples. Use `zero_division` parameter to control this behavior.
  _warn_prf(average, modifier, msg_start, len(result))
/opt/miniconda3/envs/sort_env/lib/python3.9/site-packages/sklearn/metrics/_classification.py:1245: UndefinedMetricWarning: Precision is ill-defined and being set to 0.0 in labels with no predicted samples. Use `zero_division` parameter to control this behavior.
  _warn_prf(average, modifier, msg_start, len(result))
/opt/miniconda3/envs/sort_env/lib/python3.9/site-packages/sklearn/metrics/_classification.py:1492: UndefinedMetricWarning: F-score is ill-defined and being set to 0.0 in labels with no true nor predicted samples. Use `zero_division` parameter to control this behavior.
  _warn_prf(
loss:0.047 acc:0.126 f1:0.236 precision:0.264 recall:0.445
/opt/miniconda3/envs/sort_env/lib/python3.9/site-packages/sklearn/metrics/_classification.py:1245: UndefinedMetricWarning: Recall is ill-defined and being set to 0.0 in labels with no true samples. Use `zero_division` parameter to control this behavior.
  _warn_prf(average, modifier, msg_start, len(result))
/opt/miniconda3/envs/sort_env/lib/python3.9/site-packages/sklearn/metrics/_classification.py:1245: UndefinedMetricWarning: Precision is ill-defined and being set to 0.0 in labels with no predicted samples. Use `zero_division` parameter to control this behavior.
  _warn_prf(average, modifier, msg_start, len(result))
/opt/miniconda3/envs/sort_env/lib/python3.9/site-packages/sklearn/metrics/_classification.py:1492: UndefinedMetricWarning: F-score is ill-defined and being set to 0.0 in labels with no true nor predicted samples. Use `zero_division` parameter to control this behavior.
  _warn_prf(
loss:0.047 acc:0.147 f1:0.242 precision:0.264 recall:0.440
/opt/miniconda3/envs/sort_env/lib/python3.9/site-packages/sklearn/metrics/_classification.py:1245: UndefinedMetricWarning: Recall is ill-defined and being set to 0.0 in labels with no true samples. Use `zero_division` parameter to control this behavior.
  _warn_prf(average, modifier, msg_start, len(result))
/opt/miniconda3/envs/sort_env/lib/python3.9/site-packages/sklearn/metrics/_classification.py:1245: UndefinedMetricWarning: Precision is ill-defined and being set to 0.0 in labels with no predicted samples. Use `zero_division` parameter to control this behavior.
  _warn_prf(average, modifier, msg_start, len(result))
/opt/miniconda3/envs/sort_env/lib/python3.9/site-packages/sklearn/metrics/_classification.py:1492: UndefinedMetricWarning: F-score is ill-defined and being set to 0.0 in labels with no true nor predicted samples. Use `zero_division` parameter to control this behavior.
  _warn_prf(
loss:0.048 acc:0.138 f1:0.233 precision:0.273 recall:0.435
/opt/miniconda3/envs/sort_env/lib/python3.9/site-packages/sklearn/metrics/_classification.py:1245: UndefinedMetricWarning: Recall is ill-defined and being set to 0.0 in labels with no true samples. Use `zero_division` parameter to control this behavior.
  _warn_prf(average, modifier, msg_start, len(result))
/opt/miniconda3/envs/sort_env/lib/python3.9/site-packages/sklearn/metrics/_classification.py:1245: UndefinedMetricWarning: Precision is ill-defined and being set to 0.0 in labels with no predicted samples. Use `zero_division` parameter to control this behavior.
  _warn_prf(average, modifier, msg_start, len(result))
/opt/miniconda3/envs/sort_env/lib/python3.9/site-packages/sklearn/metrics/_classification.py:1492: UndefinedMetricWarning: F-score is ill-defined and being set to 0.0 in labels with no true nor predicted samples. Use `zero_division` parameter to control this behavior.
  _warn_prf(
loss:0.047 acc:0.169 f1:0.238 precision:0.272 recall:0.423
/opt/miniconda3/envs/sort_env/lib/python3.9/site-packages/sklearn/metrics/_classification.py:1245: UndefinedMetricWarning: Recall is ill-defined and being set to 0.0 in labels with no true samples. Use `zero_division` parameter to control this behavior.
  _warn_prf(average, modifier, msg_start, len(result))
/opt/miniconda3/envs/sort_env/lib/python3.9/site-packages/sklearn/metrics/_classification.py:1245: UndefinedMetricWarning: Precision is ill-defined and being set to 0.0 in labels with no predicted samples. Use `zero_division` parameter to control this behavior.
  _warn_prf(average, modifier, msg_start, len(result))
/opt/miniconda3/envs/sort_env/lib/python3.9/site-packages/sklearn/metrics/_classification.py:1492: UndefinedMetricWarning: F-score is ill-defined and being set to 0.0 in labels with no true nor predicted samples. Use `zero_division` parameter to control this behavior.
  _warn_prf(
loss:0.048 acc:0.164 f1:0.243 precision:0.285 recall:0.429
/opt/miniconda3/envs/sort_env/lib/python3.9/site-packages/sklearn/metrics/_classification.py:1245: UndefinedMetricWarning: Recall is ill-defined and being set to 0.0 in labels with no true samples. Use `zero_division` parameter to control this behavior.
  _warn_prf(average, modifier, msg_start, len(result))
/opt/miniconda3/envs/sort_env/lib/python3.9/site-packages/sklearn/metrics/_classification.py:1245: UndefinedMetricWarning: Precision is ill-defined and being set to 0.0 in labels with no predicted samples. Use `zero_division` parameter to control this behavior.
  _warn_prf(average, modifier, msg_start, len(result))
/opt/miniconda3/envs/sort_env/lib/python3.9/site-packages/sklearn/metrics/_classification.py:1492: UndefinedMetricWarning: F-score is ill-defined and being set to 0.0 in labels with no true nor predicted samples. Use `zero_division` parameter to control this behavior.
  _warn_prf(
loss:0.048 acc:0.168 f1:0.240 precision:0.282 recall:0.410
/opt/miniconda3/envs/sort_env/lib/python3.9/site-packages/sklearn/metrics/_classification.py:1245: UndefinedMetricWarning: Recall is ill-defined and being set to 0.0 in labels with no true samples. Use `zero_division` parameter to control this behavior.
  _warn_prf(average, modifier, msg_start, len(result))
/opt/miniconda3/envs/sort_env/lib/python3.9/site-packages/sklearn/metrics/_classification.py:1245: UndefinedMetricWarning: Precision is ill-defined and being set to 0.0 in labels with no predicted samples. Use `zero_division` parameter to control this behavior.
  _warn_prf(average, modifier, msg_start, len(result))
/opt/miniconda3/envs/sort_env/lib/python3.9/site-packages/sklearn/metrics/_classification.py:1492: UndefinedMetricWarning: F-score is ill-defined and being set to 0.0 in labels with no true nor predicted samples. Use `zero_division` parameter to control this behavior.
  _warn_prf(
loss:0.047 acc:0.145 f1:0.242 precision:0.277 recall:0.432
/opt/miniconda3/envs/sort_env/lib/python3.9/site-packages/sklearn/metrics/_classification.py:1245: UndefinedMetricWarning: Recall is ill-defined and being set to 0.0 in labels with no true samples. Use `zero_division` parameter to control this behavior.
  _warn_prf(average, modifier, msg_start, len(result))
/opt/miniconda3/envs/sort_env/lib/python3.9/site-packages/sklearn/metrics/_classification.py:1245: UndefinedMetricWarning: Precision is ill-defined and being set to 0.0 in labels with no predicted samples. Use `zero_division` parameter to control this behavior.
  _warn_prf(average, modifier, msg_start, len(result))
/opt/miniconda3/envs/sort_env/lib/python3.9/site-packages/sklearn/metrics/_classification.py:1492: UndefinedMetricWarning: F-score is ill-defined and being set to 0.0 in labels with no true nor predicted samples. Use `zero_division` parameter to control this behavior.
  _warn_prf(
loss:0.048 acc:0.173 f1:0.248 precision:0.290 recall:0.419
/opt/miniconda3/envs/sort_env/lib/python3.9/site-packages/sklearn/metrics/_classification.py:1245: UndefinedMetricWarning: Recall is ill-defined and being set to 0.0 in labels with no true samples. Use `zero_division` parameter to control this behavior.
  _warn_prf(average, modifier, msg_start, len(result))
/opt/miniconda3/envs/sort_env/lib/python3.9/site-packages/sklearn/metrics/_classification.py:1245: UndefinedMetricWarning: Precision is ill-defined and being set to 0.0 in labels with no predicted samples. Use `zero_division` parameter to control this behavior.
  _warn_prf(average, modifier, msg_start, len(result))
/opt/miniconda3/envs/sort_env/lib/python3.9/site-packages/sklearn/metrics/_classification.py:1492: UndefinedMetricWarning: F-score is ill-defined and being set to 0.0 in labels with no true nor predicted samples. Use `zero_division` parameter to control this behavior.
  _warn_prf(
loss:0.048 acc:0.176 f1:0.247 precision:0.298 recall:0.394
/opt/miniconda3/envs/sort_env/lib/python3.9/site-packages/sklearn/metrics/_classification.py:1245: UndefinedMetricWarning: Recall is ill-defined and being set to 0.0 in labels with no true samples. Use `zero_division` parameter to control this behavior.
  _warn_prf(average, modifier, msg_start, len(result))
/opt/miniconda3/envs/sort_env/lib/python3.9/site-packages/sklearn/metrics/_classification.py:1245: UndefinedMetricWarning: Precision is ill-defined and being set to 0.0 in labels with no predicted samples. Use `zero_division` parameter to control this behavior.
  _warn_prf(average, modifier, msg_start, len(result))
/opt/miniconda3/envs/sort_env/lib/python3.9/site-packages/sklearn/metrics/_classification.py:1492: UndefinedMetricWarning: F-score is ill-defined and being set to 0.0 in labels with no true nor predicted samples. Use `zero_division` parameter to control this behavior.
  _warn_prf(
loss:0.048 acc:0.172 f1:0.254 precision:0.292 recall:0.423
/opt/miniconda3/envs/sort_env/lib/python3.9/site-packages/sklearn/metrics/_classification.py:1245: UndefinedMetricWarning: Recall is ill-defined and being set to 0.0 in labels with no true samples. Use `zero_division` parameter to control this behavior.
  _warn_prf(average, modifier, msg_start, len(result))
/opt/miniconda3/envs/sort_env/lib/python3.9/site-packages/sklearn/metrics/_classification.py:1245: UndefinedMetricWarning: Precision is ill-defined and being set to 0.0 in labels with no predicted samples. Use `zero_division` parameter to control this behavior.
  _warn_prf(average, modifier, msg_start, len(result))
/opt/miniconda3/envs/sort_env/lib/python3.9/site-packages/sklearn/metrics/_classification.py:1492: UndefinedMetricWarning: F-score is ill-defined and being set to 0.0 in labels with no true nor predicted samples. Use `zero_division` parameter to control this behavior.
  _warn_prf(
loss:0.048 acc:0.129 f1:0.218 precision:0.251 recall:0.424
/opt/miniconda3/envs/sort_env/lib/python3.9/site-packages/sklearn/metrics/_classification.py:1245: UndefinedMetricWarning: Recall is ill-defined and being set to 0.0 in labels with no true samples. Use `zero_division` parameter to control this behavior.
  _warn_prf(average, modifier, msg_start, len(result))
/opt/miniconda3/envs/sort_env/lib/python3.9/site-packages/sklearn/metrics/_classification.py:1245: UndefinedMetricWarning: Precision is ill-defined and being set to 0.0 in labels with no predicted samples. Use `zero_division` parameter to control this behavior.
  _warn_prf(average, modifier, msg_start, len(result))
/opt/miniconda3/envs/sort_env/lib/python3.9/site-packages/sklearn/metrics/_classification.py:1492: UndefinedMetricWarning: F-score is ill-defined and being set to 0.0 in labels with no true nor predicted samples. Use `zero_division` parameter to control this behavior.
  _warn_prf(
loss:0.048 acc:0.167 f1:0.231 precision:0.273 recall:0.431
/opt/miniconda3/envs/sort_env/lib/python3.9/site-packages/sklearn/metrics/_classification.py:1245: UndefinedMetricWarning: Recall is ill-defined and being set to 0.0 in labels with no true samples. Use `zero_division` parameter to control this behavior.
  _warn_prf(average, modifier, msg_start, len(result))
/opt/miniconda3/envs/sort_env/lib/python3.9/site-packages/sklearn/metrics/_classification.py:1245: UndefinedMetricWarning: Precision is ill-defined and being set to 0.0 in labels with no predicted samples. Use `zero_division` parameter to control this behavior.
  _warn_prf(average, modifier, msg_start, len(result))
/opt/miniconda3/envs/sort_env/lib/python3.9/site-packages/sklearn/metrics/_classification.py:1492: UndefinedMetricWarning: F-score is ill-defined and being set to 0.0 in labels with no true nor predicted samples. Use `zero_division` parameter to control this behavior.
  _warn_prf(
loss:0.049 acc:0.174 f1:0.244 precision:0.302 recall:0.366
/opt/miniconda3/envs/sort_env/lib/python3.9/site-packages/sklearn/metrics/_classification.py:1245: UndefinedMetricWarning: Recall is ill-defined and being set to 0.0 in labels with no true samples. Use `zero_division` parameter to control this behavior.
  _warn_prf(average, modifier, msg_start, len(result))
/opt/miniconda3/envs/sort_env/lib/python3.9/site-packages/sklearn/metrics/_classification.py:1245: UndefinedMetricWarning: Precision is ill-defined and being set to 0.0 in labels with no predicted samples. Use `zero_division` parameter to control this behavior.
  _warn_prf(average, modifier, msg_start, len(result))
Test
loss:0.083 acc:0.038 f1:0.262 precision:0.322 recall:0.259
split_4
train: 7015
val: 780
test: 866
/opt/miniconda3/envs/sort_env/lib/python3.9/site-packages/sklearn/metrics/_classification.py:1245: UndefinedMetricWarning: Recall is ill-defined and being set to 0.0 in labels with no true samples. Use `zero_division` parameter to control this behavior.
  _warn_prf(average, modifier, msg_start, len(result))
loss:0.050 acc:0.001 f1:0.091 precision:0.254 recall:0.122
/opt/miniconda3/envs/sort_env/lib/python3.9/site-packages/sklearn/metrics/_classification.py:1245: UndefinedMetricWarning: Recall is ill-defined and being set to 0.0 in labels with no true samples. Use `zero_division` parameter to control this behavior.
  _warn_prf(average, modifier, msg_start, len(result))
loss:0.048 acc:0.000 f1:0.204 precision:0.236 recall:0.435
/opt/miniconda3/envs/sort_env/lib/python3.9/site-packages/sklearn/metrics/_classification.py:1245: UndefinedMetricWarning: Recall is ill-defined and being set to 0.0 in labels with no true samples. Use `zero_division` parameter to control this behavior.
  _warn_prf(average, modifier, msg_start, len(result))
loss:0.046 acc:0.005 f1:0.226 precision:0.240 recall:0.403
/opt/miniconda3/envs/sort_env/lib/python3.9/site-packages/sklearn/metrics/_classification.py:1245: UndefinedMetricWarning: Recall is ill-defined and being set to 0.0 in labels with no true samples. Use `zero_division` parameter to control this behavior.
  _warn_prf(average, modifier, msg_start, len(result))
loss:0.047 acc:0.005 f1:0.207 precision:0.234 recall:0.424
/opt/miniconda3/envs/sort_env/lib/python3.9/site-packages/sklearn/metrics/_classification.py:1245: UndefinedMetricWarning: Recall is ill-defined and being set to 0.0 in labels with no true samples. Use `zero_division` parameter to control this behavior.
  _warn_prf(average, modifier, msg_start, len(result))
loss:0.046 acc:0.020 f1:0.226 precision:0.242 recall:0.451
/opt/miniconda3/envs/sort_env/lib/python3.9/site-packages/sklearn/metrics/_classification.py:1245: UndefinedMetricWarning: Recall is ill-defined and being set to 0.0 in labels with no true samples. Use `zero_division` parameter to control this behavior.
  _warn_prf(average, modifier, msg_start, len(result))
loss:0.048 acc:0.013 f1:0.221 precision:0.251 recall:0.457
/opt/miniconda3/envs/sort_env/lib/python3.9/site-packages/sklearn/metrics/_classification.py:1245: UndefinedMetricWarning: Recall is ill-defined and being set to 0.0 in labels with no true samples. Use `zero_division` parameter to control this behavior.
  _warn_prf(average, modifier, msg_start, len(result))
loss:0.046 acc:0.017 f1:0.238 precision:0.247 recall:0.497
/opt/miniconda3/envs/sort_env/lib/python3.9/site-packages/sklearn/metrics/_classification.py:1245: UndefinedMetricWarning: Recall is ill-defined and being set to 0.0 in labels with no true samples. Use `zero_division` parameter to control this behavior.
  _warn_prf(average, modifier, msg_start, len(result))
loss:0.046 acc:0.027 f1:0.234 precision:0.249 recall:0.456
/opt/miniconda3/envs/sort_env/lib/python3.9/site-packages/sklearn/metrics/_classification.py:1245: UndefinedMetricWarning: Recall is ill-defined and being set to 0.0 in labels with no true samples. Use `zero_division` parameter to control this behavior.
  _warn_prf(average, modifier, msg_start, len(result))
loss:0.047 acc:0.021 f1:0.244 precision:0.258 recall:0.446
/opt/miniconda3/envs/sort_env/lib/python3.9/site-packages/sklearn/metrics/_classification.py:1245: UndefinedMetricWarning: Recall is ill-defined and being set to 0.0 in labels with no true samples. Use `zero_division` parameter to control this behavior.
  _warn_prf(average, modifier, msg_start, len(result))
loss:0.046 acc:0.047 f1:0.238 precision:0.253 recall:0.455
/opt/miniconda3/envs/sort_env/lib/python3.9/site-packages/sklearn/metrics/_classification.py:1245: UndefinedMetricWarning: Recall is ill-defined and being set to 0.0 in labels with no true samples. Use `zero_division` parameter to control this behavior.
  _warn_prf(average, modifier, msg_start, len(result))
loss:0.045 acc:0.048 f1:0.243 precision:0.250 recall:0.463
/opt/miniconda3/envs/sort_env/lib/python3.9/site-packages/sklearn/metrics/_classification.py:1245: UndefinedMetricWarning: Recall is ill-defined and being set to 0.0 in labels with no true samples. Use `zero_division` parameter to control this behavior.
  _warn_prf(average, modifier, msg_start, len(result))
loss:0.047 acc:0.018 f1:0.239 precision:0.256 recall:0.451
/opt/miniconda3/envs/sort_env/lib/python3.9/site-packages/sklearn/metrics/_classification.py:1245: UndefinedMetricWarning: Recall is ill-defined and being set to 0.0 in labels with no true samples. Use `zero_division` parameter to control this behavior.
  _warn_prf(average, modifier, msg_start, len(result))
loss:0.047 acc:0.060 f1:0.251 precision:0.266 recall:0.454
/opt/miniconda3/envs/sort_env/lib/python3.9/site-packages/sklearn/metrics/_classification.py:1245: UndefinedMetricWarning: Recall is ill-defined and being set to 0.0 in labels with no true samples. Use `zero_division` parameter to control this behavior.
  _warn_prf(average, modifier, msg_start, len(result))
loss:0.046 acc:0.047 f1:0.247 precision:0.265 recall:0.442
/opt/miniconda3/envs/sort_env/lib/python3.9/site-packages/sklearn/metrics/_classification.py:1245: UndefinedMetricWarning: Recall is ill-defined and being set to 0.0 in labels with no true samples. Use `zero_division` parameter to control this behavior.
  _warn_prf(average, modifier, msg_start, len(result))
loss:0.045 acc:0.053 f1:0.259 precision:0.265 recall:0.426
/opt/miniconda3/envs/sort_env/lib/python3.9/site-packages/sklearn/metrics/_classification.py:1245: UndefinedMetricWarning: Recall is ill-defined and being set to 0.0 in labels with no true samples. Use `zero_division` parameter to control this behavior.
  _warn_prf(average, modifier, msg_start, len(result))
loss:0.047 acc:0.068 f1:0.241 precision:0.263 recall:0.445
/opt/miniconda3/envs/sort_env/lib/python3.9/site-packages/sklearn/metrics/_classification.py:1245: UndefinedMetricWarning: Recall is ill-defined and being set to 0.0 in labels with no true samples. Use `zero_division` parameter to control this behavior.
  _warn_prf(average, modifier, msg_start, len(result))
loss:0.048 acc:0.068 f1:0.235 precision:0.262 recall:0.421
/opt/miniconda3/envs/sort_env/lib/python3.9/site-packages/sklearn/metrics/_classification.py:1245: UndefinedMetricWarning: Recall is ill-defined and being set to 0.0 in labels with no true samples. Use `zero_division` parameter to control this behavior.
  _warn_prf(average, modifier, msg_start, len(result))
loss:0.046 acc:0.065 f1:0.253 precision:0.266 recall:0.435
/opt/miniconda3/envs/sort_env/lib/python3.9/site-packages/sklearn/metrics/_classification.py:1245: UndefinedMetricWarning: Recall is ill-defined and being set to 0.0 in labels with no true samples. Use `zero_division` parameter to control this behavior.
  _warn_prf(average, modifier, msg_start, len(result))
loss:0.047 acc:0.051 f1:0.243 precision:0.266 recall:0.454
/opt/miniconda3/envs/sort_env/lib/python3.9/site-packages/sklearn/metrics/_classification.py:1245: UndefinedMetricWarning: Recall is ill-defined and being set to 0.0 in labels with no true samples. Use `zero_division` parameter to control this behavior.
  _warn_prf(average, modifier, msg_start, len(result))
loss:0.047 acc:0.070 f1:0.226 precision:0.256 recall:0.438
/opt/miniconda3/envs/sort_env/lib/python3.9/site-packages/sklearn/metrics/_classification.py:1245: UndefinedMetricWarning: Recall is ill-defined and being set to 0.0 in labels with no true samples. Use `zero_division` parameter to control this behavior.
  _warn_prf(average, modifier, msg_start, len(result))
loss:0.047 acc:0.082 f1:0.252 precision:0.272 recall:0.460
/opt/miniconda3/envs/sort_env/lib/python3.9/site-packages/sklearn/metrics/_classification.py:1245: UndefinedMetricWarning: Recall is ill-defined and being set to 0.0 in labels with no true samples. Use `zero_division` parameter to control this behavior.
  _warn_prf(average, modifier, msg_start, len(result))
loss:0.047 acc:0.072 f1:0.258 precision:0.285 recall:0.421
/opt/miniconda3/envs/sort_env/lib/python3.9/site-packages/sklearn/metrics/_classification.py:1245: UndefinedMetricWarning: Recall is ill-defined and being set to 0.0 in labels with no true samples. Use `zero_division` parameter to control this behavior.
  _warn_prf(average, modifier, msg_start, len(result))
/opt/miniconda3/envs/sort_env/lib/python3.9/site-packages/sklearn/metrics/_classification.py:1245: UndefinedMetricWarning: Precision is ill-defined and being set to 0.0 in labels with no predicted samples. Use `zero_division` parameter to control this behavior.
  _warn_prf(average, modifier, msg_start, len(result))
/opt/miniconda3/envs/sort_env/lib/python3.9/site-packages/sklearn/metrics/_classification.py:1492: UndefinedMetricWarning: F-score is ill-defined and being set to 0.0 in labels with no true nor predicted samples. Use `zero_division` parameter to control this behavior.
  _warn_prf(
Test
loss:0.030 acc:0.125 f1:0.142 precision:0.150 recall:0.154
split_5
train: 7015
val: 780
test: 866
/opt/miniconda3/envs/sort_env/lib/python3.9/site-packages/sklearn/metrics/_classification.py:1245: UndefinedMetricWarning: Recall is ill-defined and being set to 0.0 in labels with no true samples. Use `zero_division` parameter to control this behavior.
  _warn_prf(average, modifier, msg_start, len(result))
/opt/miniconda3/envs/sort_env/lib/python3.9/site-packages/sklearn/metrics/_classification.py:1245: UndefinedMetricWarning: Precision is ill-defined and being set to 0.0 in labels with no predicted samples. Use `zero_division` parameter to control this behavior.
  _warn_prf(average, modifier, msg_start, len(result))
loss:0.050 acc:0.033 f1:0.135 precision:0.225 recall:0.205
/opt/miniconda3/envs/sort_env/lib/python3.9/site-packages/sklearn/metrics/_classification.py:1245: UndefinedMetricWarning: Recall is ill-defined and being set to 0.0 in labels with no true samples. Use `zero_division` parameter to control this behavior.
  _warn_prf(average, modifier, msg_start, len(result))
loss:0.049 acc:0.051 f1:0.194 precision:0.218 recall:0.421
/opt/miniconda3/envs/sort_env/lib/python3.9/site-packages/sklearn/metrics/_classification.py:1245: UndefinedMetricWarning: Recall is ill-defined and being set to 0.0 in labels with no true samples. Use `zero_division` parameter to control this behavior.
  _warn_prf(average, modifier, msg_start, len(result))
loss:0.047 acc:0.082 f1:0.213 precision:0.222 recall:0.492
/opt/miniconda3/envs/sort_env/lib/python3.9/site-packages/sklearn/metrics/_classification.py:1245: UndefinedMetricWarning: Recall is ill-defined and being set to 0.0 in labels with no true samples. Use `zero_division` parameter to control this behavior.
  _warn_prf(average, modifier, msg_start, len(result))
loss:0.047 acc:0.099 f1:0.232 precision:0.234 recall:0.466
/opt/miniconda3/envs/sort_env/lib/python3.9/site-packages/sklearn/metrics/_classification.py:1245: UndefinedMetricWarning: Recall is ill-defined and being set to 0.0 in labels with no true samples. Use `zero_division` parameter to control this behavior.
  _warn_prf(average, modifier, msg_start, len(result))
loss:0.047 acc:0.109 f1:0.230 precision:0.244 recall:0.445
/opt/miniconda3/envs/sort_env/lib/python3.9/site-packages/sklearn/metrics/_classification.py:1245: UndefinedMetricWarning: Recall is ill-defined and being set to 0.0 in labels with no true samples. Use `zero_division` parameter to control this behavior.
  _warn_prf(average, modifier, msg_start, len(result))
loss:0.047 acc:0.135 f1:0.232 precision:0.241 recall:0.452
/opt/miniconda3/envs/sort_env/lib/python3.9/site-packages/sklearn/metrics/_classification.py:1245: UndefinedMetricWarning: Recall is ill-defined and being set to 0.0 in labels with no true samples. Use `zero_division` parameter to control this behavior.
  _warn_prf(average, modifier, msg_start, len(result))
loss:0.045 acc:0.132 f1:0.251 precision:0.245 recall:0.508
/opt/miniconda3/envs/sort_env/lib/python3.9/site-packages/sklearn/metrics/_classification.py:1245: UndefinedMetricWarning: Recall is ill-defined and being set to 0.0 in labels with no true samples. Use `zero_division` parameter to control this behavior.
  _warn_prf(average, modifier, msg_start, len(result))
loss:0.046 acc:0.143 f1:0.245 precision:0.256 recall:0.489
/opt/miniconda3/envs/sort_env/lib/python3.9/site-packages/sklearn/metrics/_classification.py:1245: UndefinedMetricWarning: Recall is ill-defined and being set to 0.0 in labels with no true samples. Use `zero_division` parameter to control this behavior.
  _warn_prf(average, modifier, msg_start, len(result))
loss:0.046 acc:0.146 f1:0.249 precision:0.254 recall:0.471
/opt/miniconda3/envs/sort_env/lib/python3.9/site-packages/sklearn/metrics/_classification.py:1245: UndefinedMetricWarning: Recall is ill-defined and being set to 0.0 in labels with no true samples. Use `zero_division` parameter to control this behavior.
  _warn_prf(average, modifier, msg_start, len(result))
loss:0.046 acc:0.129 f1:0.243 precision:0.248 recall:0.526
/opt/miniconda3/envs/sort_env/lib/python3.9/site-packages/sklearn/metrics/_classification.py:1245: UndefinedMetricWarning: Recall is ill-defined and being set to 0.0 in labels with no true samples. Use `zero_division` parameter to control this behavior.
  _warn_prf(average, modifier, msg_start, len(result))
loss:0.045 acc:0.115 f1:0.259 precision:0.251 recall:0.523
/opt/miniconda3/envs/sort_env/lib/python3.9/site-packages/sklearn/metrics/_classification.py:1245: UndefinedMetricWarning: Recall is ill-defined and being set to 0.0 in labels with no true samples. Use `zero_division` parameter to control this behavior.
  _warn_prf(average, modifier, msg_start, len(result))
loss:0.045 acc:0.158 f1:0.260 precision:0.259 recall:0.467
/opt/miniconda3/envs/sort_env/lib/python3.9/site-packages/sklearn/metrics/_classification.py:1245: UndefinedMetricWarning: Recall is ill-defined and being set to 0.0 in labels with no true samples. Use `zero_division` parameter to control this behavior.
  _warn_prf(average, modifier, msg_start, len(result))
loss:0.047 acc:0.143 f1:0.252 precision:0.264 recall:0.463
/opt/miniconda3/envs/sort_env/lib/python3.9/site-packages/sklearn/metrics/_classification.py:1245: UndefinedMetricWarning: Recall is ill-defined and being set to 0.0 in labels with no true samples. Use `zero_division` parameter to control this behavior.
  _warn_prf(average, modifier, msg_start, len(result))
loss:0.046 acc:0.165 f1:0.267 precision:0.275 recall:0.474
/opt/miniconda3/envs/sort_env/lib/python3.9/site-packages/sklearn/metrics/_classification.py:1245: UndefinedMetricWarning: Recall is ill-defined and being set to 0.0 in labels with no true samples. Use `zero_division` parameter to control this behavior.
  _warn_prf(average, modifier, msg_start, len(result))
loss:0.047 acc:0.176 f1:0.270 precision:0.278 recall:0.455
/opt/miniconda3/envs/sort_env/lib/python3.9/site-packages/sklearn/metrics/_classification.py:1245: UndefinedMetricWarning: Recall is ill-defined and being set to 0.0 in labels with no true samples. Use `zero_division` parameter to control this behavior.
  _warn_prf(average, modifier, msg_start, len(result))
loss:0.047 acc:0.173 f1:0.257 precision:0.264 recall:0.463
/opt/miniconda3/envs/sort_env/lib/python3.9/site-packages/sklearn/metrics/_classification.py:1245: UndefinedMetricWarning: Recall is ill-defined and being set to 0.0 in labels with no true samples. Use `zero_division` parameter to control this behavior.
  _warn_prf(average, modifier, msg_start, len(result))
loss:0.047 acc:0.180 f1:0.264 precision:0.277 recall:0.467
/opt/miniconda3/envs/sort_env/lib/python3.9/site-packages/sklearn/metrics/_classification.py:1245: UndefinedMetricWarning: Recall is ill-defined and being set to 0.0 in labels with no true samples. Use `zero_division` parameter to control this behavior.
  _warn_prf(average, modifier, msg_start, len(result))
loss:0.046 acc:0.176 f1:0.263 precision:0.269 recall:0.458
/opt/miniconda3/envs/sort_env/lib/python3.9/site-packages/sklearn/metrics/_classification.py:1245: UndefinedMetricWarning: Recall is ill-defined and being set to 0.0 in labels with no true samples. Use `zero_division` parameter to control this behavior.
  _warn_prf(average, modifier, msg_start, len(result))
Test
loss:0.030 acc:0.270 f1:0.171 precision:0.162 recall:0.226
split_6
train: 7015
val: 780
test: 866
/opt/miniconda3/envs/sort_env/lib/python3.9/site-packages/sklearn/metrics/_classification.py:1245: UndefinedMetricWarning: Recall is ill-defined and being set to 0.0 in labels with no true samples. Use `zero_division` parameter to control this behavior.
  _warn_prf(average, modifier, msg_start, len(result))
/opt/miniconda3/envs/sort_env/lib/python3.9/site-packages/sklearn/metrics/_classification.py:1245: UndefinedMetricWarning: Precision is ill-defined and being set to 0.0 in labels with no predicted samples. Use `zero_division` parameter to control this behavior.
  _warn_prf(average, modifier, msg_start, len(result))
loss:0.051 acc:0.031 f1:0.139 precision:0.201 recall:0.154
/opt/miniconda3/envs/sort_env/lib/python3.9/site-packages/sklearn/metrics/_classification.py:1245: UndefinedMetricWarning: Recall is ill-defined and being set to 0.0 in labels with no true samples. Use `zero_division` parameter to control this behavior.
  _warn_prf(average, modifier, msg_start, len(result))
loss:0.047 acc:0.104 f1:0.199 precision:0.214 recall:0.421
/opt/miniconda3/envs/sort_env/lib/python3.9/site-packages/sklearn/metrics/_classification.py:1245: UndefinedMetricWarning: Recall is ill-defined and being set to 0.0 in labels with no true samples. Use `zero_division` parameter to control this behavior.
  _warn_prf(average, modifier, msg_start, len(result))
loss:0.047 acc:0.072 f1:0.220 precision:0.225 recall:0.478
/opt/miniconda3/envs/sort_env/lib/python3.9/site-packages/sklearn/metrics/_classification.py:1245: UndefinedMetricWarning: Recall is ill-defined and being set to 0.0 in labels with no true samples. Use `zero_division` parameter to control this behavior.
  _warn_prf(average, modifier, msg_start, len(result))
loss:0.046 acc:0.132 f1:0.229 precision:0.238 recall:0.462
/opt/miniconda3/envs/sort_env/lib/python3.9/site-packages/sklearn/metrics/_classification.py:1245: UndefinedMetricWarning: Recall is ill-defined and being set to 0.0 in labels with no true samples. Use `zero_division` parameter to control this behavior.
  _warn_prf(average, modifier, msg_start, len(result))
loss:0.046 acc:0.130 f1:0.235 precision:0.240 recall:0.456
/opt/miniconda3/envs/sort_env/lib/python3.9/site-packages/sklearn/metrics/_classification.py:1245: UndefinedMetricWarning: Recall is ill-defined and being set to 0.0 in labels with no true samples. Use `zero_division` parameter to control this behavior.
  _warn_prf(average, modifier, msg_start, len(result))
loss:0.046 acc:0.089 f1:0.243 precision:0.253 recall:0.497
/opt/miniconda3/envs/sort_env/lib/python3.9/site-packages/sklearn/metrics/_classification.py:1245: UndefinedMetricWarning: Recall is ill-defined and being set to 0.0 in labels with no true samples. Use `zero_division` parameter to control this behavior.
  _warn_prf(average, modifier, msg_start, len(result))
loss:0.046 acc:0.120 f1:0.244 precision:0.240 recall:0.501
/opt/miniconda3/envs/sort_env/lib/python3.9/site-packages/sklearn/metrics/_classification.py:1245: UndefinedMetricWarning: Recall is ill-defined and being set to 0.0 in labels with no true samples. Use `zero_division` parameter to control this behavior.
  _warn_prf(average, modifier, msg_start, len(result))
loss:0.044 acc:0.146 f1:0.247 precision:0.243 recall:0.512
/opt/miniconda3/envs/sort_env/lib/python3.9/site-packages/sklearn/metrics/_classification.py:1245: UndefinedMetricWarning: Recall is ill-defined and being set to 0.0 in labels with no true samples. Use `zero_division` parameter to control this behavior.
  _warn_prf(average, modifier, msg_start, len(result))
loss:0.047 acc:0.148 f1:0.230 precision:0.246 recall:0.483
/opt/miniconda3/envs/sort_env/lib/python3.9/site-packages/sklearn/metrics/_classification.py:1245: UndefinedMetricWarning: Recall is ill-defined and being set to 0.0 in labels with no true samples. Use `zero_division` parameter to control this behavior.
  _warn_prf(average, modifier, msg_start, len(result))
loss:0.045 acc:0.141 f1:0.258 precision:0.254 recall:0.482
/opt/miniconda3/envs/sort_env/lib/python3.9/site-packages/sklearn/metrics/_classification.py:1245: UndefinedMetricWarning: Recall is ill-defined and being set to 0.0 in labels with no true samples. Use `zero_division` parameter to control this behavior.
  _warn_prf(average, modifier, msg_start, len(result))
loss:0.045 acc:0.143 f1:0.258 precision:0.262 recall:0.471
/opt/miniconda3/envs/sort_env/lib/python3.9/site-packages/sklearn/metrics/_classification.py:1245: UndefinedMetricWarning: Recall is ill-defined and being set to 0.0 in labels with no true samples. Use `zero_division` parameter to control this behavior.
  _warn_prf(average, modifier, msg_start, len(result))
loss:0.044 acc:0.154 f1:0.266 precision:0.261 recall:0.478
/opt/miniconda3/envs/sort_env/lib/python3.9/site-packages/sklearn/metrics/_classification.py:1245: UndefinedMetricWarning: Recall is ill-defined and being set to 0.0 in labels with no true samples. Use `zero_division` parameter to control this behavior.
  _warn_prf(average, modifier, msg_start, len(result))
loss:0.045 acc:0.176 f1:0.254 precision:0.261 recall:0.459
/opt/miniconda3/envs/sort_env/lib/python3.9/site-packages/sklearn/metrics/_classification.py:1245: UndefinedMetricWarning: Recall is ill-defined and being set to 0.0 in labels with no true samples. Use `zero_division` parameter to control this behavior.
  _warn_prf(average, modifier, msg_start, len(result))
loss:0.046 acc:0.167 f1:0.240 precision:0.256 recall:0.445
/opt/miniconda3/envs/sort_env/lib/python3.9/site-packages/sklearn/metrics/_classification.py:1245: UndefinedMetricWarning: Recall is ill-defined and being set to 0.0 in labels with no true samples. Use `zero_division` parameter to control this behavior.
  _warn_prf(average, modifier, msg_start, len(result))
loss:0.046 acc:0.184 f1:0.262 precision:0.266 recall:0.453
/opt/miniconda3/envs/sort_env/lib/python3.9/site-packages/sklearn/metrics/_classification.py:1245: UndefinedMetricWarning: Recall is ill-defined and being set to 0.0 in labels with no true samples. Use `zero_division` parameter to control this behavior.
  _warn_prf(average, modifier, msg_start, len(result))
loss:0.046 acc:0.163 f1:0.263 precision:0.269 recall:0.455
/opt/miniconda3/envs/sort_env/lib/python3.9/site-packages/sklearn/metrics/_classification.py:1245: UndefinedMetricWarning: Recall is ill-defined and being set to 0.0 in labels with no true samples. Use `zero_division` parameter to control this behavior.
  _warn_prf(average, modifier, msg_start, len(result))
loss:0.045 acc:0.172 f1:0.259 precision:0.266 recall:0.457
/opt/miniconda3/envs/sort_env/lib/python3.9/site-packages/sklearn/metrics/_classification.py:1245: UndefinedMetricWarning: Recall is ill-defined and being set to 0.0 in labels with no true samples. Use `zero_division` parameter to control this behavior.
  _warn_prf(average, modifier, msg_start, len(result))
loss:0.046 acc:0.171 f1:0.263 precision:0.273 recall:0.438
/opt/miniconda3/envs/sort_env/lib/python3.9/site-packages/sklearn/metrics/_classification.py:1245: UndefinedMetricWarning: Recall is ill-defined and being set to 0.0 in labels with no true samples. Use `zero_division` parameter to control this behavior.
  _warn_prf(average, modifier, msg_start, len(result))
loss:0.046 acc:0.168 f1:0.270 precision:0.275 recall:0.443
/opt/miniconda3/envs/sort_env/lib/python3.9/site-packages/sklearn/metrics/_classification.py:1245: UndefinedMetricWarning: Recall is ill-defined and being set to 0.0 in labels with no true samples. Use `zero_division` parameter to control this behavior.
  _warn_prf(average, modifier, msg_start, len(result))
Test
loss:0.032 acc:0.190 f1:0.203 precision:0.193 recall:0.247
split_7
train: 7015
val: 780
test: 866
/opt/miniconda3/envs/sort_env/lib/python3.9/site-packages/sklearn/metrics/_classification.py:1245: UndefinedMetricWarning: Recall is ill-defined and being set to 0.0 in labels with no true samples. Use `zero_division` parameter to control this behavior.
  _warn_prf(average, modifier, msg_start, len(result))
/opt/miniconda3/envs/sort_env/lib/python3.9/site-packages/sklearn/metrics/_classification.py:1245: UndefinedMetricWarning: Precision is ill-defined and being set to 0.0 in labels with no predicted samples. Use `zero_division` parameter to control this behavior.
  _warn_prf(average, modifier, msg_start, len(result))
loss:0.051 acc:0.003 f1:0.125 precision:0.194 recall:0.164
/opt/miniconda3/envs/sort_env/lib/python3.9/site-packages/sklearn/metrics/_classification.py:1245: UndefinedMetricWarning: Recall is ill-defined and being set to 0.0 in labels with no true samples. Use `zero_division` parameter to control this behavior.
  _warn_prf(average, modifier, msg_start, len(result))
loss:0.049 acc:0.073 f1:0.175 precision:0.202 recall:0.422
/opt/miniconda3/envs/sort_env/lib/python3.9/site-packages/sklearn/metrics/_classification.py:1245: UndefinedMetricWarning: Recall is ill-defined and being set to 0.0 in labels with no true samples. Use `zero_division` parameter to control this behavior.
  _warn_prf(average, modifier, msg_start, len(result))
loss:0.048 acc:0.117 f1:0.205 precision:0.231 recall:0.443
/opt/miniconda3/envs/sort_env/lib/python3.9/site-packages/sklearn/metrics/_classification.py:1245: UndefinedMetricWarning: Recall is ill-defined and being set to 0.0 in labels with no true samples. Use `zero_division` parameter to control this behavior.
  _warn_prf(average, modifier, msg_start, len(result))
loss:0.049 acc:0.111 f1:0.198 precision:0.232 recall:0.430
/opt/miniconda3/envs/sort_env/lib/python3.9/site-packages/sklearn/metrics/_classification.py:1245: UndefinedMetricWarning: Recall is ill-defined and being set to 0.0 in labels with no true samples. Use `zero_division` parameter to control this behavior.
  _warn_prf(average, modifier, msg_start, len(result))
loss:0.048 acc:0.115 f1:0.205 precision:0.229 recall:0.487
/opt/miniconda3/envs/sort_env/lib/python3.9/site-packages/sklearn/metrics/_classification.py:1245: UndefinedMetricWarning: Recall is ill-defined and being set to 0.0 in labels with no true samples. Use `zero_division` parameter to control this behavior.
  _warn_prf(average, modifier, msg_start, len(result))
loss:0.048 acc:0.137 f1:0.223 precision:0.240 recall:0.445
/opt/miniconda3/envs/sort_env/lib/python3.9/site-packages/sklearn/metrics/_classification.py:1245: UndefinedMetricWarning: Recall is ill-defined and being set to 0.0 in labels with no true samples. Use `zero_division` parameter to control this behavior.
  _warn_prf(average, modifier, msg_start, len(result))
loss:0.048 acc:0.129 f1:0.226 precision:0.241 recall:0.449
/opt/miniconda3/envs/sort_env/lib/python3.9/site-packages/sklearn/metrics/_classification.py:1245: UndefinedMetricWarning: Recall is ill-defined and being set to 0.0 in labels with no true samples. Use `zero_division` parameter to control this behavior.
  _warn_prf(average, modifier, msg_start, len(result))
loss:0.047 acc:0.125 f1:0.227 precision:0.244 recall:0.445
/opt/miniconda3/envs/sort_env/lib/python3.9/site-packages/sklearn/metrics/_classification.py:1245: UndefinedMetricWarning: Recall is ill-defined and being set to 0.0 in labels with no true samples. Use `zero_division` parameter to control this behavior.
  _warn_prf(average, modifier, msg_start, len(result))
loss:0.048 acc:0.147 f1:0.218 precision:0.241 recall:0.442
/opt/miniconda3/envs/sort_env/lib/python3.9/site-packages/sklearn/metrics/_classification.py:1245: UndefinedMetricWarning: Recall is ill-defined and being set to 0.0 in labels with no true samples. Use `zero_division` parameter to control this behavior.
  _warn_prf(average, modifier, msg_start, len(result))
loss:0.048 acc:0.154 f1:0.232 precision:0.253 recall:0.416
/opt/miniconda3/envs/sort_env/lib/python3.9/site-packages/sklearn/metrics/_classification.py:1245: UndefinedMetricWarning: Recall is ill-defined and being set to 0.0 in labels with no true samples. Use `zero_division` parameter to control this behavior.
  _warn_prf(average, modifier, msg_start, len(result))
loss:0.048 acc:0.148 f1:0.225 precision:0.250 recall:0.448
/opt/miniconda3/envs/sort_env/lib/python3.9/site-packages/sklearn/metrics/_classification.py:1245: UndefinedMetricWarning: Recall is ill-defined and being set to 0.0 in labels with no true samples. Use `zero_division` parameter to control this behavior.
  _warn_prf(average, modifier, msg_start, len(result))
loss:0.048 acc:0.173 f1:0.238 precision:0.255 recall:0.439
/opt/miniconda3/envs/sort_env/lib/python3.9/site-packages/sklearn/metrics/_classification.py:1245: UndefinedMetricWarning: Recall is ill-defined and being set to 0.0 in labels with no true samples. Use `zero_division` parameter to control this behavior.
  _warn_prf(average, modifier, msg_start, len(result))
loss:0.047 acc:0.145 f1:0.237 precision:0.252 recall:0.441
/opt/miniconda3/envs/sort_env/lib/python3.9/site-packages/sklearn/metrics/_classification.py:1245: UndefinedMetricWarning: Recall is ill-defined and being set to 0.0 in labels with no true samples. Use `zero_division` parameter to control this behavior.
  _warn_prf(average, modifier, msg_start, len(result))
loss:0.047 acc:0.161 f1:0.251 precision:0.261 recall:0.472
/opt/miniconda3/envs/sort_env/lib/python3.9/site-packages/sklearn/metrics/_classification.py:1245: UndefinedMetricWarning: Recall is ill-defined and being set to 0.0 in labels with no true samples. Use `zero_division` parameter to control this behavior.
  _warn_prf(average, modifier, msg_start, len(result))
loss:0.047 acc:0.171 f1:0.237 precision:0.255 recall:0.465
/opt/miniconda3/envs/sort_env/lib/python3.9/site-packages/sklearn/metrics/_classification.py:1245: UndefinedMetricWarning: Recall is ill-defined and being set to 0.0 in labels with no true samples. Use `zero_division` parameter to control this behavior.
  _warn_prf(average, modifier, msg_start, len(result))
loss:0.048 acc:0.158 f1:0.238 precision:0.260 recall:0.441
/opt/miniconda3/envs/sort_env/lib/python3.9/site-packages/sklearn/metrics/_classification.py:1245: UndefinedMetricWarning: Recall is ill-defined and being set to 0.0 in labels with no true samples. Use `zero_division` parameter to control this behavior.
  _warn_prf(average, modifier, msg_start, len(result))
loss:0.047 acc:0.172 f1:0.243 precision:0.261 recall:0.435
/opt/miniconda3/envs/sort_env/lib/python3.9/site-packages/sklearn/metrics/_classification.py:1245: UndefinedMetricWarning: Recall is ill-defined and being set to 0.0 in labels with no true samples. Use `zero_division` parameter to control this behavior.
  _warn_prf(average, modifier, msg_start, len(result))
loss:0.049 acc:0.000 f1:0.265 precision:0.285 recall:0.428
/opt/miniconda3/envs/sort_env/lib/python3.9/site-packages/sklearn/metrics/_classification.py:1245: UndefinedMetricWarning: Recall is ill-defined and being set to 0.0 in labels with no true samples. Use `zero_division` parameter to control this behavior.
  _warn_prf(average, modifier, msg_start, len(result))
loss:0.048 acc:0.001 f1:0.256 precision:0.264 recall:0.462
/opt/miniconda3/envs/sort_env/lib/python3.9/site-packages/sklearn/metrics/_classification.py:1245: UndefinedMetricWarning: Recall is ill-defined and being set to 0.0 in labels with no true samples. Use `zero_division` parameter to control this behavior.
  _warn_prf(average, modifier, msg_start, len(result))
Test
loss:0.040 acc:0.206 f1:0.211 precision:0.219 recall:0.324
split_8
train: 7015
val: 780
test: 866
/opt/miniconda3/envs/sort_env/lib/python3.9/site-packages/sklearn/metrics/_classification.py:1245: UndefinedMetricWarning: Recall is ill-defined and being set to 0.0 in labels with no true samples. Use `zero_division` parameter to control this behavior.
  _warn_prf(average, modifier, msg_start, len(result))
/opt/miniconda3/envs/sort_env/lib/python3.9/site-packages/sklearn/metrics/_classification.py:1245: UndefinedMetricWarning: Precision is ill-defined and being set to 0.0 in labels with no predicted samples. Use `zero_division` parameter to control this behavior.
  _warn_prf(average, modifier, msg_start, len(result))
/opt/miniconda3/envs/sort_env/lib/python3.9/site-packages/sklearn/metrics/_classification.py:1492: UndefinedMetricWarning: F-score is ill-defined and being set to 0.0 in labels with no true nor predicted samples. Use `zero_division` parameter to control this behavior.
  _warn_prf(
loss:0.049 acc:0.005 f1:0.134 precision:0.260 recall:0.153
/opt/miniconda3/envs/sort_env/lib/python3.9/site-packages/sklearn/metrics/_classification.py:1245: UndefinedMetricWarning: Recall is ill-defined and being set to 0.0 in labels with no true samples. Use `zero_division` parameter to control this behavior.
  _warn_prf(average, modifier, msg_start, len(result))
loss:0.047 acc:0.017 f1:0.222 precision:0.228 recall:0.443
/opt/miniconda3/envs/sort_env/lib/python3.9/site-packages/sklearn/metrics/_classification.py:1245: UndefinedMetricWarning: Recall is ill-defined and being set to 0.0 in labels with no true samples. Use `zero_division` parameter to control this behavior.
  _warn_prf(average, modifier, msg_start, len(result))
loss:0.046 acc:0.057 f1:0.237 precision:0.236 recall:0.489
/opt/miniconda3/envs/sort_env/lib/python3.9/site-packages/sklearn/metrics/_classification.py:1245: UndefinedMetricWarning: Recall is ill-defined and being set to 0.0 in labels with no true samples. Use `zero_division` parameter to control this behavior.
  _warn_prf(average, modifier, msg_start, len(result))
loss:0.046 acc:0.076 f1:0.252 precision:0.247 recall:0.464
/opt/miniconda3/envs/sort_env/lib/python3.9/site-packages/sklearn/metrics/_classification.py:1245: UndefinedMetricWarning: Recall is ill-defined and being set to 0.0 in labels with no true samples. Use `zero_division` parameter to control this behavior.
  _warn_prf(average, modifier, msg_start, len(result))
loss:0.046 acc:0.103 f1:0.238 precision:0.249 recall:0.464
/opt/miniconda3/envs/sort_env/lib/python3.9/site-packages/sklearn/metrics/_classification.py:1245: UndefinedMetricWarning: Recall is ill-defined and being set to 0.0 in labels with no true samples. Use `zero_division` parameter to control this behavior.
  _warn_prf(average, modifier, msg_start, len(result))
loss:0.047 acc:0.133 f1:0.245 precision:0.252 recall:0.432
/opt/miniconda3/envs/sort_env/lib/python3.9/site-packages/sklearn/metrics/_classification.py:1245: UndefinedMetricWarning: Recall is ill-defined and being set to 0.0 in labels with no true samples. Use `zero_division` parameter to control this behavior.
  _warn_prf(average, modifier, msg_start, len(result))
loss:0.045 acc:0.100 f1:0.267 precision:0.259 recall:0.451
/opt/miniconda3/envs/sort_env/lib/python3.9/site-packages/sklearn/metrics/_classification.py:1245: UndefinedMetricWarning: Recall is ill-defined and being set to 0.0 in labels with no true samples. Use `zero_division` parameter to control this behavior.
  _warn_prf(average, modifier, msg_start, len(result))
loss:0.046 acc:0.142 f1:0.246 precision:0.261 recall:0.453
/opt/miniconda3/envs/sort_env/lib/python3.9/site-packages/sklearn/metrics/_classification.py:1245: UndefinedMetricWarning: Recall is ill-defined and being set to 0.0 in labels with no true samples. Use `zero_division` parameter to control this behavior.
  _warn_prf(average, modifier, msg_start, len(result))
loss:0.045 acc:0.128 f1:0.262 precision:0.261 recall:0.463
/opt/miniconda3/envs/sort_env/lib/python3.9/site-packages/sklearn/metrics/_classification.py:1245: UndefinedMetricWarning: Recall is ill-defined and being set to 0.0 in labels with no true samples. Use `zero_division` parameter to control this behavior.
  _warn_prf(average, modifier, msg_start, len(result))
loss:0.045 acc:0.133 f1:0.272 precision:0.265 recall:0.471
/opt/miniconda3/envs/sort_env/lib/python3.9/site-packages/sklearn/metrics/_classification.py:1245: UndefinedMetricWarning: Recall is ill-defined and being set to 0.0 in labels with no true samples. Use `zero_division` parameter to control this behavior.
  _warn_prf(average, modifier, msg_start, len(result))
loss:0.044 acc:0.137 f1:0.262 precision:0.254 recall:0.478
/opt/miniconda3/envs/sort_env/lib/python3.9/site-packages/sklearn/metrics/_classification.py:1245: UndefinedMetricWarning: Recall is ill-defined and being set to 0.0 in labels with no true samples. Use `zero_division` parameter to control this behavior.
  _warn_prf(average, modifier, msg_start, len(result))
loss:0.045 acc:0.139 f1:0.274 precision:0.276 recall:0.474
/opt/miniconda3/envs/sort_env/lib/python3.9/site-packages/sklearn/metrics/_classification.py:1245: UndefinedMetricWarning: Recall is ill-defined and being set to 0.0 in labels with no true samples. Use `zero_division` parameter to control this behavior.
  _warn_prf(average, modifier, msg_start, len(result))
loss:0.046 acc:0.163 f1:0.268 precision:0.273 recall:0.450
/opt/miniconda3/envs/sort_env/lib/python3.9/site-packages/sklearn/metrics/_classification.py:1245: UndefinedMetricWarning: Recall is ill-defined and being set to 0.0 in labels with no true samples. Use `zero_division` parameter to control this behavior.
  _warn_prf(average, modifier, msg_start, len(result))
loss:0.045 acc:0.173 f1:0.264 precision:0.265 recall:0.472
/opt/miniconda3/envs/sort_env/lib/python3.9/site-packages/sklearn/metrics/_classification.py:1245: UndefinedMetricWarning: Recall is ill-defined and being set to 0.0 in labels with no true samples. Use `zero_division` parameter to control this behavior.
  _warn_prf(average, modifier, msg_start, len(result))
loss:0.047 acc:0.128 f1:0.241 precision:0.250 recall:0.477
/opt/miniconda3/envs/sort_env/lib/python3.9/site-packages/sklearn/metrics/_classification.py:1245: UndefinedMetricWarning: Recall is ill-defined and being set to 0.0 in labels with no true samples. Use `zero_division` parameter to control this behavior.
  _warn_prf(average, modifier, msg_start, len(result))
loss:0.047 acc:0.167 f1:0.263 precision:0.283 recall:0.441
/opt/miniconda3/envs/sort_env/lib/python3.9/site-packages/sklearn/metrics/_classification.py:1245: UndefinedMetricWarning: Recall is ill-defined and being set to 0.0 in labels with no true samples. Use `zero_division` parameter to control this behavior.
  _warn_prf(average, modifier, msg_start, len(result))
loss:0.046 acc:0.158 f1:0.282 precision:0.294 recall:0.460
/opt/miniconda3/envs/sort_env/lib/python3.9/site-packages/sklearn/metrics/_classification.py:1245: UndefinedMetricWarning: Recall is ill-defined and being set to 0.0 in labels with no true samples. Use `zero_division` parameter to control this behavior.
  _warn_prf(average, modifier, msg_start, len(result))
loss:0.046 acc:0.173 f1:0.263 precision:0.281 recall:0.455
/opt/miniconda3/envs/sort_env/lib/python3.9/site-packages/sklearn/metrics/_classification.py:1245: UndefinedMetricWarning: Recall is ill-defined and being set to 0.0 in labels with no true samples. Use `zero_division` parameter to control this behavior.
  _warn_prf(average, modifier, msg_start, len(result))
loss:0.045 acc:0.178 f1:0.305 precision:0.303 recall:0.452
/opt/miniconda3/envs/sort_env/lib/python3.9/site-packages/sklearn/metrics/_classification.py:1245: UndefinedMetricWarning: Recall is ill-defined and being set to 0.0 in labels with no true samples. Use `zero_division` parameter to control this behavior.
  _warn_prf(average, modifier, msg_start, len(result))
loss:0.046 acc:0.191 f1:0.284 precision:0.309 recall:0.433
/opt/miniconda3/envs/sort_env/lib/python3.9/site-packages/sklearn/metrics/_classification.py:1245: UndefinedMetricWarning: Recall is ill-defined and being set to 0.0 in labels with no true samples. Use `zero_division` parameter to control this behavior.
  _warn_prf(average, modifier, msg_start, len(result))
loss:0.046 acc:0.188 f1:0.281 precision:0.291 recall:0.427
/opt/miniconda3/envs/sort_env/lib/python3.9/site-packages/sklearn/metrics/_classification.py:1245: UndefinedMetricWarning: Recall is ill-defined and being set to 0.0 in labels with no true samples. Use `zero_division` parameter to control this behavior.
  _warn_prf(average, modifier, msg_start, len(result))
loss:0.046 acc:0.194 f1:0.283 precision:0.300 recall:0.444
/opt/miniconda3/envs/sort_env/lib/python3.9/site-packages/sklearn/metrics/_classification.py:1245: UndefinedMetricWarning: Recall is ill-defined and being set to 0.0 in labels with no true samples. Use `zero_division` parameter to control this behavior.
  _warn_prf(average, modifier, msg_start, len(result))
Test
loss:0.047 acc:0.244 f1:0.369 precision:0.340 recall:0.608
split_9
train: 7015
val: 780
test: 866
/opt/miniconda3/envs/sort_env/lib/python3.9/site-packages/sklearn/metrics/_classification.py:1245: UndefinedMetricWarning: Recall is ill-defined and being set to 0.0 in labels with no true samples. Use `zero_division` parameter to control this behavior.
  _warn_prf(average, modifier, msg_start, len(result))
loss:0.050 acc:0.000 f1:0.076 precision:0.183 recall:0.167
/opt/miniconda3/envs/sort_env/lib/python3.9/site-packages/sklearn/metrics/_classification.py:1245: UndefinedMetricWarning: Recall is ill-defined and being set to 0.0 in labels with no true samples. Use `zero_division` parameter to control this behavior.
  _warn_prf(average, modifier, msg_start, len(result))
loss:0.049 acc:0.065 f1:0.183 precision:0.209 recall:0.424
/opt/miniconda3/envs/sort_env/lib/python3.9/site-packages/sklearn/metrics/_classification.py:1245: UndefinedMetricWarning: Recall is ill-defined and being set to 0.0 in labels with no true samples. Use `zero_division` parameter to control this behavior.
  _warn_prf(average, modifier, msg_start, len(result))
loss:0.048 acc:0.103 f1:0.210 precision:0.244 recall:0.408
/opt/miniconda3/envs/sort_env/lib/python3.9/site-packages/sklearn/metrics/_classification.py:1245: UndefinedMetricWarning: Recall is ill-defined and being set to 0.0 in labels with no true samples. Use `zero_division` parameter to control this behavior.
  _warn_prf(average, modifier, msg_start, len(result))
loss:0.046 acc:0.076 f1:0.241 precision:0.248 recall:0.483
/opt/miniconda3/envs/sort_env/lib/python3.9/site-packages/sklearn/metrics/_classification.py:1245: UndefinedMetricWarning: Recall is ill-defined and being set to 0.0 in labels with no true samples. Use `zero_division` parameter to control this behavior.
  _warn_prf(average, modifier, msg_start, len(result))
loss:0.045 acc:0.100 f1:0.259 precision:0.256 recall:0.465
/opt/miniconda3/envs/sort_env/lib/python3.9/site-packages/sklearn/metrics/_classification.py:1245: UndefinedMetricWarning: Recall is ill-defined and being set to 0.0 in labels with no true samples. Use `zero_division` parameter to control this behavior.
  _warn_prf(average, modifier, msg_start, len(result))
loss:0.047 acc:0.121 f1:0.252 precision:0.268 recall:0.453
/opt/miniconda3/envs/sort_env/lib/python3.9/site-packages/sklearn/metrics/_classification.py:1245: UndefinedMetricWarning: Recall is ill-defined and being set to 0.0 in labels with no true samples. Use `zero_division` parameter to control this behavior.
  _warn_prf(average, modifier, msg_start, len(result))
loss:0.046 acc:0.138 f1:0.263 precision:0.271 recall:0.465
/opt/miniconda3/envs/sort_env/lib/python3.9/site-packages/sklearn/metrics/_classification.py:1245: UndefinedMetricWarning: Recall is ill-defined and being set to 0.0 in labels with no true samples. Use `zero_division` parameter to control this behavior.
  _warn_prf(average, modifier, msg_start, len(result))
loss:0.047 acc:0.116 f1:0.260 precision:0.262 recall:0.448
/opt/miniconda3/envs/sort_env/lib/python3.9/site-packages/sklearn/metrics/_classification.py:1245: UndefinedMetricWarning: Recall is ill-defined and being set to 0.0 in labels with no true samples. Use `zero_division` parameter to control this behavior.
  _warn_prf(average, modifier, msg_start, len(result))
loss:0.049 acc:0.099 f1:0.226 precision:0.262 recall:0.421
/opt/miniconda3/envs/sort_env/lib/python3.9/site-packages/sklearn/metrics/_classification.py:1245: UndefinedMetricWarning: Recall is ill-defined and being set to 0.0 in labels with no true samples. Use `zero_division` parameter to control this behavior.
  _warn_prf(average, modifier, msg_start, len(result))
loss:0.046 acc:0.122 f1:0.268 precision:0.274 recall:0.463
/opt/miniconda3/envs/sort_env/lib/python3.9/site-packages/sklearn/metrics/_classification.py:1245: UndefinedMetricWarning: Recall is ill-defined and being set to 0.0 in labels with no true samples. Use `zero_division` parameter to control this behavior.
  _warn_prf(average, modifier, msg_start, len(result))
loss:0.049 acc:0.087 f1:0.241 precision:0.275 recall:0.406
/opt/miniconda3/envs/sort_env/lib/python3.9/site-packages/sklearn/metrics/_classification.py:1245: UndefinedMetricWarning: Recall is ill-defined and being set to 0.0 in labels with no true samples. Use `zero_division` parameter to control this behavior.
  _warn_prf(average, modifier, msg_start, len(result))
loss:0.048 acc:0.151 f1:0.237 precision:0.265 recall:0.441
/opt/miniconda3/envs/sort_env/lib/python3.9/site-packages/sklearn/metrics/_classification.py:1245: UndefinedMetricWarning: Recall is ill-defined and being set to 0.0 in labels with no true samples. Use `zero_division` parameter to control this behavior.
  _warn_prf(average, modifier, msg_start, len(result))
loss:0.047 acc:0.145 f1:0.247 precision:0.264 recall:0.463
/opt/miniconda3/envs/sort_env/lib/python3.9/site-packages/sklearn/metrics/_classification.py:1245: UndefinedMetricWarning: Recall is ill-defined and being set to 0.0 in labels with no true samples. Use `zero_division` parameter to control this behavior.
  _warn_prf(average, modifier, msg_start, len(result))
loss:0.047 acc:0.169 f1:0.264 precision:0.275 recall:0.434
/opt/miniconda3/envs/sort_env/lib/python3.9/site-packages/sklearn/metrics/_classification.py:1245: UndefinedMetricWarning: Recall is ill-defined and being set to 0.0 in labels with no true samples. Use `zero_division` parameter to control this behavior.
  _warn_prf(average, modifier, msg_start, len(result))
loss:0.047 acc:0.147 f1:0.256 precision:0.274 recall:0.452
/opt/miniconda3/envs/sort_env/lib/python3.9/site-packages/sklearn/metrics/_classification.py:1245: UndefinedMetricWarning: Recall is ill-defined and being set to 0.0 in labels with no true samples. Use `zero_division` parameter to control this behavior.
  _warn_prf(average, modifier, msg_start, len(result))
loss:0.047 acc:0.135 f1:0.260 precision:0.289 recall:0.446
/opt/miniconda3/envs/sort_env/lib/python3.9/site-packages/sklearn/metrics/_classification.py:1245: UndefinedMetricWarning: Recall is ill-defined and being set to 0.0 in labels with no true samples. Use `zero_division` parameter to control this behavior.
  _warn_prf(average, modifier, msg_start, len(result))
Test
loss:0.047 acc:0.005 f1:0.263 precision:0.262 recall:0.465
